\BOOKMARK [0][-]{chapter.1}{\376\377\000S\000u\000m\000m\000a\000r\000y}{}% 1
\BOOKMARK [1][-]{section.1.1}{\376\377\000O\000v\000e\000r\000v\000i\000e\000w}{chapter.1}% 2
\BOOKMARK [2][-]{subsection.1.1.1}{\376\377\000I\000n\000s\000t\000a\000l\000l\000a\000t\000i\000o\000n}{section.1.1}% 3
\BOOKMARK [2][-]{subsection.1.1.2}{\376\377\000U\000s\000e\000r\000\040\000I\000n\000t\000e\000r\000f\000a\000c\000e}{section.1.1}% 4
\BOOKMARK [1][-]{section.1.2}{\376\377\000N\000e\000u\000r\000a\000l\000\040\000n\000e\000t\000w\000o\000r\000k\000\040\000o\000p\000t\000i\000m\000i\000z\000a\000t\000i\000o\000n}{chapter.1}% 5
\BOOKMARK [1][-]{section.1.3}{\376\377\000I\000m\000p\000l\000e\000m\000e\000n\000t\000a\000t\000i\000o\000n}{chapter.1}% 6
\BOOKMARK [2][-]{subsection.1.3.1}{\376\377\000O\000b\000j\000e\000c\000t\000\040\000m\000o\000t\000i\000o\000n}{section.1.3}% 7
\BOOKMARK [2][-]{subsection.1.3.2}{\376\377\000G\000r\000a\000p\000h\000i\000c\000s}{section.1.3}% 8
\BOOKMARK [2][-]{subsection.1.3.3}{\376\377\000C\000o\000n\000f\000i\000g\000u\000r\000a\000t\000i\000o\000n\000\040\000s\000y\000s\000t\000e\000m}{section.1.3}% 9
\BOOKMARK [1][-]{section.1.4}{\376\377\000L\000i\000c\000e\000n\000c\000e}{chapter.1}% 10
\BOOKMARK [0][-]{chapter.2}{\376\377\000N\000a\000m\000e\000s\000p\000a\000c\000e\000\040\000I\000n\000d\000e\000x}{}% 11
\BOOKMARK [1][-]{section.2.1}{\376\377\000N\000a\000m\000e\000s\000p\000a\000c\000e\000\040\000L\000i\000s\000t}{chapter.2}% 12
\BOOKMARK [0][-]{chapter.3}{\376\377\000H\000i\000e\000r\000a\000r\000c\000h\000i\000c\000a\000l\000\040\000I\000n\000d\000e\000x}{}% 13
\BOOKMARK [1][-]{section.3.1}{\376\377\000C\000l\000a\000s\000s\000\040\000H\000i\000e\000r\000a\000r\000c\000h\000y}{chapter.3}% 14
\BOOKMARK [0][-]{chapter.4}{\376\377\000C\000l\000a\000s\000s\000\040\000I\000n\000d\000e\000x}{}% 15
\BOOKMARK [1][-]{section.4.1}{\376\377\000C\000l\000a\000s\000s\000\040\000L\000i\000s\000t}{chapter.4}% 16
\BOOKMARK [0][-]{chapter.5}{\376\377\000F\000i\000l\000e\000\040\000I\000n\000d\000e\000x}{}% 17
\BOOKMARK [1][-]{section.5.1}{\376\377\000F\000i\000l\000e\000\040\000L\000i\000s\000t}{chapter.5}% 18
\BOOKMARK [0][-]{chapter.6}{\376\377\000N\000a\000m\000e\000s\000p\000a\000c\000e\000\040\000D\000o\000c\000u\000m\000e\000n\000t\000a\000t\000i\000o\000n}{}% 19
\BOOKMARK [1][-]{section.6.1}{\376\377\000a\000r\000t\000i\000s\000t\000\040\000N\000a\000m\000e\000s\000p\000a\000c\000e\000\040\000R\000e\000f\000e\000r\000e\000n\000c\000e}{chapter.6}% 20
\BOOKMARK [2][-]{subsection.6.1.1}{\376\377\000D\000e\000t\000a\000i\000l\000e\000d\000\040\000D\000e\000s\000c\000r\000i\000p\000t\000i\000o\000n}{section.6.1}% 21
\BOOKMARK [2][-]{subsection.6.1.2}{\376\377\000F\000u\000n\000c\000t\000i\000o\000n\000\040\000D\000o\000c\000u\000m\000e\000n\000t\000a\000t\000i\000o\000n}{section.6.1}% 22
\BOOKMARK [3][-]{subsubsection.6.1.2.1}{\376\377\000d\000e\000b\000u\000g\000A\000r\000r\000o\000w}{subsection.6.1.2}% 23
\BOOKMARK [3][-]{subsubsection.6.1.2.2}{\376\377\000d\000r\000a\000w\000L\000i\000g\000h\000t}{subsection.6.1.2}% 24
\BOOKMARK [3][-]{subsubsection.6.1.2.3}{\376\377\000d\000r\000a\000w\000O\000b\000j\000e\000c\000t}{subsection.6.1.2}% 25
\BOOKMARK [3][-]{subsubsection.6.1.2.4}{\376\377\000d\000r\000a\000w\000O\000b\000s\000t\000a\000c\000l\000e}{subsection.6.1.2}% 26
\BOOKMARK [3][-]{subsubsection.6.1.2.5}{\376\377\000d\000r\000a\000w\000R\000o\000b\000o\000t}{subsection.6.1.2}% 27
\BOOKMARK [3][-]{subsubsection.6.1.2.6}{\376\377\000d\000r\000a\000w\000S\000e\000n\000s\000o\000r}{subsection.6.1.2}% 28
\BOOKMARK [1][-]{section.6.2}{\376\377\000e\000n\000v\000i\000r\000o\000n\000m\000e\000n\000t\000\040\000N\000a\000m\000e\000s\000p\000a\000c\000e\000\040\000R\000e\000f\000e\000r\000e\000n\000c\000e}{chapter.6}% 29
\BOOKMARK [2][-]{subsection.6.2.1}{\376\377\000D\000e\000t\000a\000i\000l\000e\000d\000\040\000D\000e\000s\000c\000r\000i\000p\000t\000i\000o\000n}{section.6.2}% 30
\BOOKMARK [2][-]{subsection.6.2.2}{\376\377\000T\000y\000p\000e\000d\000e\000f\000\040\000D\000o\000c\000u\000m\000e\000n\000t\000a\000t\000i\000o\000n}{section.6.2}% 31
\BOOKMARK [3][-]{subsubsection.6.2.2.1}{\376\377\000o\000b\000j\000e\000c\000t\000I\000t\000e\000r\000a\000t\000o\000r}{subsection.6.2.2}% 32
\BOOKMARK [2][-]{subsection.6.2.3}{\376\377\000F\000u\000n\000c\000t\000i\000o\000n\000\040\000D\000o\000c\000u\000m\000e\000n\000t\000a\000t\000i\000o\000n}{section.6.2}% 33
\BOOKMARK [3][-]{subsubsection.6.2.3.1}{\376\377\000a\000d\000d\000O\000b\000j\000e\000c\000t}{subsection.6.2.3}% 34
\BOOKMARK [3][-]{subsubsection.6.2.3.2}{\376\377\000c\000l\000e\000a\000r}{subsection.6.2.3}% 35
\BOOKMARK [3][-]{subsubsection.6.2.3.3}{\376\377\000g\000e\000t\000C\000o\000l\000l\000i\000s\000i\000o\000n\000I\000d}{subsection.6.2.3}% 36
\BOOKMARK [3][-]{subsubsection.6.2.3.4}{\376\377\000g\000e\000t\000C\000o\000l\000l\000i\000s\000i\000o\000n\000I\000d}{subsection.6.2.3}% 37
\BOOKMARK [3][-]{subsubsection.6.2.3.5}{\376\377\000g\000e\000t\000C\000o\000l\000l\000i\000s\000i\000o\000n\000I\000d}{subsection.6.2.3}% 38
\BOOKMARK [3][-]{subsubsection.6.2.3.6}{\376\377\000g\000e\000t\000H\000i\000t\000a\000b\000l\000e\000C\000o\000l\000l\000i\000s\000i\000o\000n\000I\000d}{subsection.6.2.3}% 39
\BOOKMARK [3][-]{subsubsection.6.2.3.7}{\376\377\000g\000e\000t\000H\000i\000t\000a\000b\000l\000e\000C\000o\000l\000l\000i\000s\000i\000o\000n\000I\000d}{subsection.6.2.3}% 40
\BOOKMARK [3][-]{subsubsection.6.2.3.8}{\376\377\000g\000e\000t\000H\000i\000t\000a\000b\000l\000e\000C\000o\000l\000l\000i\000s\000i\000o\000n\000I\000d}{subsection.6.2.3}% 41
\BOOKMARK [3][-]{subsubsection.6.2.3.9}{\376\377\000g\000e\000t\000N\000u\000m\000O\000b\000j\000e\000c\000t\000s}{subsection.6.2.3}% 42
\BOOKMARK [3][-]{subsubsection.6.2.3.10}{\376\377\000g\000e\000t\000O\000b\000j\000e\000c\000t}{subsection.6.2.3}% 43
\BOOKMARK [3][-]{subsubsection.6.2.3.11}{\376\377\000g\000e\000t\000O\000b\000j\000e\000c\000t\000s\000B\000e\000g\000i\000n}{subsection.6.2.3}% 44
\BOOKMARK [3][-]{subsubsection.6.2.3.12}{\376\377\000g\000e\000t\000O\000b\000j\000e\000c\000t\000s\000E\000n\000d}{subsection.6.2.3}% 45
\BOOKMARK [3][-]{subsubsection.6.2.3.13}{\376\377\000i\000s\000C\000o\000l\000l\000i\000d\000i\000n\000g}{subsection.6.2.3}% 46
\BOOKMARK [3][-]{subsubsection.6.2.3.14}{\376\377\000i\000s\000C\000o\000l\000l\000i\000d\000i\000n\000g}{subsection.6.2.3}% 47
\BOOKMARK [3][-]{subsubsection.6.2.3.15}{\376\377\000i\000s\000C\000o\000l\000l\000i\000d\000i\000n\000g\000W\000i\000t\000h\000H\000i\000t\000a\000b\000l\000e}{subsection.6.2.3}% 48
\BOOKMARK [3][-]{subsubsection.6.2.3.16}{\376\377\000i\000s\000C\000o\000l\000l\000i\000d\000i\000n\000g\000W\000i\000t\000h\000H\000i\000t\000a\000b\000l\000e}{subsection.6.2.3}% 49
\BOOKMARK [3][-]{subsubsection.6.2.3.17}{\376\377\000i\000s\000T\000o\000u\000c\000h\000i\000n\000g\000H\000i\000t\000a\000b\000l\000e\000O\000b\000j\000e\000c\000t}{subsection.6.2.3}% 50
\BOOKMARK [3][-]{subsubsection.6.2.3.18}{\376\377\000i\000s\000T\000o\000u\000c\000h\000i\000n\000g\000H\000i\000t\000a\000b\000l\000e\000O\000b\000j\000e\000c\000t}{subsection.6.2.3}% 51
\BOOKMARK [3][-]{subsubsection.6.2.3.19}{\376\377\000i\000s\000T\000o\000u\000c\000h\000i\000n\000g\000H\000i\000t\000a\000b\000l\000e\000O\000b\000j\000e\000c\000t}{subsection.6.2.3}% 52
\BOOKMARK [3][-]{subsubsection.6.2.3.20}{\376\377\000i\000s\000T\000o\000u\000c\000h\000i\000n\000g\000O\000b\000j\000e\000c\000t}{subsection.6.2.3}% 53
\BOOKMARK [3][-]{subsubsection.6.2.3.21}{\376\377\000i\000s\000T\000o\000u\000c\000h\000i\000n\000g\000O\000b\000j\000e\000c\000t}{subsection.6.2.3}% 54
\BOOKMARK [3][-]{subsubsection.6.2.3.22}{\376\377\000i\000s\000T\000o\000u\000c\000h\000i\000n\000g\000O\000b\000j\000e\000c\000t}{subsection.6.2.3}% 55
\BOOKMARK [3][-]{subsubsection.6.2.3.23}{\376\377\000i\000s\000T\000o\000u\000c\000h\000i\000n\000g\000W\000a\000l\000l}{subsection.6.2.3}% 56
\BOOKMARK [3][-]{subsubsection.6.2.3.24}{\376\377\000i\000s\000T\000o\000u\000c\000h\000i\000n\000g\000W\000a\000l\000l}{subsection.6.2.3}% 57
\BOOKMARK [3][-]{subsubsection.6.2.3.25}{\376\377\000r\000e\000m\000o\000v\000e\000O\000b\000j\000e\000c\000t}{subsection.6.2.3}% 58
\BOOKMARK [1][-]{section.6.3}{\376\377\000u\000t\000i\000l\000\040\000N\000a\000m\000e\000s\000p\000a\000c\000e\000\040\000R\000e\000f\000e\000r\000e\000n\000c\000e}{chapter.6}% 59
\BOOKMARK [2][-]{subsection.6.3.1}{\376\377\000D\000e\000t\000a\000i\000l\000e\000d\000\040\000D\000e\000s\000c\000r\000i\000p\000t\000i\000o\000n}{section.6.3}% 60
\BOOKMARK [2][-]{subsection.6.3.2}{\376\377\000F\000u\000n\000c\000t\000i\000o\000n\000\040\000D\000o\000c\000u\000m\000e\000n\000t\000a\000t\000i\000o\000n}{section.6.3}% 61
\BOOKMARK [3][-]{subsubsection.6.3.2.1}{\376\377\000a\000d\000d\000M\000o\000v\000i\000n\000g\000L\000i\000g\000h\000t\000S\000o\000u\000r\000c\000e}{subsection.6.3.2}% 62
\BOOKMARK [3][-]{subsubsection.6.3.2.2}{\376\377\000a\000d\000d\000N\000e\000u\000r\000a\000l\000N\000e\000t\000w\000o\000r\000k\000R\000o\000b\000o\000t\000T\000a\000r\000g\000e\000t}{subsection.6.3.2}% 63
\BOOKMARK [3][-]{subsubsection.6.3.2.3}{\376\377\000a\000d\000d\000O\000b\000s\000t\000a\000c\000l\000e}{subsection.6.3.2}% 64
\BOOKMARK [3][-]{subsubsection.6.3.2.4}{\376\377\000a\000d\000d\000R\000o\000b\000o\000t}{subsection.6.3.2}% 65
\BOOKMARK [3][-]{subsubsection.6.3.2.5}{\376\377\000a\000d\000d\000R\000o\000b\000o\000t\000T\000a\000r\000g\000e\000t}{subsection.6.3.2}% 66
\BOOKMARK [3][-]{subsubsection.6.3.2.6}{\376\377\000a\000d\000d\000S\000t\000a\000t\000i\000o\000n\000a\000r\000y\000L\000i\000g\000h\000t\000S\000o\000u\000r\000c\000e}{subsection.6.3.2}% 67
\BOOKMARK [3][-]{subsubsection.6.3.2.7}{\376\377\000a\000d\000v\000a\000n\000c\000e}{subsection.6.3.2}% 68
\BOOKMARK [3][-]{subsubsection.6.3.2.8}{\376\377\000c\000o\000p\000y}{subsection.6.3.2}% 69
\BOOKMARK [3][-]{subsubsection.6.3.2.9}{\376\377\000d\000i\000s\000p\000l\000a\000y}{subsection.6.3.2}% 70
\BOOKMARK [3][-]{subsubsection.6.3.2.10}{\376\377\000g\000e\000t\000N\000u\000m\000L\000i\000g\000h\000t\000s}{subsection.6.3.2}% 71
\BOOKMARK [3][-]{subsubsection.6.3.2.11}{\376\377\000g\000e\000t\000N\000u\000m\000O\000b\000s\000t\000a\000c\000l\000e\000s}{subsection.6.3.2}% 72
\BOOKMARK [3][-]{subsubsection.6.3.2.12}{\376\377\000g\000e\000t\000N\000u\000m\000R\000o\000b\000o\000t\000s\000T\000a\000r\000g\000e\000t\000s}{subsection.6.3.2}% 73
\BOOKMARK [3][-]{subsubsection.6.3.2.13}{\376\377\000n\000e\000w\000C\000o\000l\000o\000r}{subsection.6.3.2}% 74
\BOOKMARK [3][-]{subsubsection.6.3.2.14}{\376\377\000o\000p\000e\000n}{subsection.6.3.2}% 75
\BOOKMARK [3][-]{subsubsection.6.3.2.15}{\376\377\000r\000e\000m\000o\000v\000e\000A\000l\000l\000L\000i\000g\000h\000t\000S\000o\000u\000r\000c\000e}{subsection.6.3.2}% 76
\BOOKMARK [3][-]{subsubsection.6.3.2.16}{\376\377\000r\000e\000m\000o\000v\000e\000A\000l\000l\000O\000b\000s\000t\000a\000c\000l\000e}{subsection.6.3.2}% 77
\BOOKMARK [3][-]{subsubsection.6.3.2.17}{\376\377\000r\000e\000m\000o\000v\000e\000A\000l\000l\000R\000o\000b\000o\000t\000T\000a\000r\000g\000e\000t}{subsection.6.3.2}% 78
\BOOKMARK [3][-]{subsubsection.6.3.2.18}{\376\377\000r\000e\000m\000o\000v\000e\000L\000i\000g\000h\000t\000S\000o\000u\000r\000c\000e}{subsection.6.3.2}% 79
\BOOKMARK [3][-]{subsubsection.6.3.2.19}{\376\377\000r\000e\000m\000o\000v\000e\000O\000b\000s\000t\000a\000c\000l\000e}{subsection.6.3.2}% 80
\BOOKMARK [3][-]{subsubsection.6.3.2.20}{\376\377\000r\000e\000m\000o\000v\000e\000R\000o\000b\000o\000t\000T\000a\000r\000g\000e\000t}{subsection.6.3.2}% 81
\BOOKMARK [3][-]{subsubsection.6.3.2.21}{\376\377\000r\000e\000s\000e\000t}{subsection.6.3.2}% 82
\BOOKMARK [3][-]{subsubsection.6.3.2.22}{\376\377\000s\000a\000v\000e}{subsection.6.3.2}% 83
\BOOKMARK [0][-]{chapter.7}{\376\377\000C\000l\000a\000s\000s\000\040\000D\000o\000c\000u\000m\000e\000n\000t\000a\000t\000i\000o\000n}{}% 84
\BOOKMARK [1][-]{section.7.1}{\376\377\000B\000a\000s\000e\000G\000f\000x\000A\000p\000p\000\040\000C\000l\000a\000s\000s\000\040\000R\000e\000f\000e\000r\000e\000n\000c\000e}{chapter.7}% 85
\BOOKMARK [2][-]{subsection.7.1.1}{\376\377\000D\000e\000t\000a\000i\000l\000e\000d\000\040\000D\000e\000s\000c\000r\000i\000p\000t\000i\000o\000n}{section.7.1}% 86
\BOOKMARK [2][-]{subsection.7.1.2}{\376\377\000C\000o\000n\000s\000t\000r\000u\000c\000t\000o\000r\000\040\000\046\000\040\000D\000e\000s\000t\000r\000u\000c\000t\000o\000r\000\040\000D\000o\000c\000u\000m\000e\000n\000t\000a\000t\000i\000o\000n}{section.7.1}% 87
\BOOKMARK [3][-]{subsubsection.7.1.2.1}{\376\377\000B\000a\000s\000e\000G\000f\000x\000A\000p\000p}{subsection.7.1.2}% 88
\BOOKMARK [3][-]{subsubsection.7.1.2.2}{\376\377\000B\000a\000s\000e\000G\000f\000x\000A\000p\000p}{subsection.7.1.2}% 89
\BOOKMARK [2][-]{subsection.7.1.3}{\376\377\000M\000e\000m\000b\000e\000r\000\040\000F\000u\000n\000c\000t\000i\000o\000n\000\040\000D\000o\000c\000u\000m\000e\000n\000t\000a\000t\000i\000o\000n}{section.7.1}% 90
\BOOKMARK [3][-]{subsubsection.7.1.3.1}{\376\377\000a\000d\000v\000a\000n\000c\000e}{subsection.7.1.3}% 91
\BOOKMARK [3][-]{subsubsection.7.1.3.2}{\376\377\000d\000i\000s\000p\000l\000a\000y}{subsection.7.1.3}% 92
\BOOKMARK [3][-]{subsubsection.7.1.3.3}{\376\377\000g\000l\000u\000i}{subsection.7.1.3}% 93
\BOOKMARK [3][-]{subsubsection.7.1.3.4}{\376\377\000g\000l\000u\000i\000C\000o\000n\000t\000r\000o\000l}{subsection.7.1.3}% 94
\BOOKMARK [3][-]{subsubsection.7.1.3.5}{\376\377\000g\000r\000a\000p\000h\000i\000c\000s\000B\000e\000g\000i\000n}{subsection.7.1.3}% 95
\BOOKMARK [3][-]{subsubsection.7.1.3.6}{\376\377\000g\000r\000a\000p\000h\000i\000c\000s\000T\000i\000m\000e\000r}{subsection.7.1.3}% 96
\BOOKMARK [3][-]{subsubsection.7.1.3.7}{\376\377\000h\000a\000n\000d\000l\000e}{subsection.7.1.3}% 97
\BOOKMARK [3][-]{subsubsection.7.1.3.8}{\376\377\000h\000e\000i\000g\000h\000t}{subsection.7.1.3}% 98
\BOOKMARK [3][-]{subsubsection.7.1.3.9}{\376\377\000k\000e\000y\000b\000o\000a\000r\000d}{subsection.7.1.3}% 99
\BOOKMARK [3][-]{subsubsection.7.1.3.10}{\376\377\000k\000e\000y\000b\000o\000a\000r\000d\000S\000p\000e\000c\000i\000a\000l}{subsection.7.1.3}% 100
\BOOKMARK [3][-]{subsubsection.7.1.3.11}{\376\377\000k\000e\000y\000b\000o\000a\000r\000d\000S\000p\000e\000c\000i\000a\000l\000U\000p}{subsection.7.1.3}% 101
\BOOKMARK [3][-]{subsubsection.7.1.3.12}{\376\377\000k\000e\000y\000b\000o\000a\000r\000d\000U\000p}{subsection.7.1.3}% 102
\BOOKMARK [3][-]{subsubsection.7.1.3.13}{\376\377\000l\000e\000f\000t\000M\000o\000u\000s\000e\000D\000o\000w\000n}{subsection.7.1.3}% 103
\BOOKMARK [3][-]{subsubsection.7.1.3.14}{\376\377\000l\000e\000f\000t\000M\000o\000u\000s\000e\000U\000p}{subsection.7.1.3}% 104
\BOOKMARK [3][-]{subsubsection.7.1.3.15}{\376\377\000m\000i\000d\000d\000l\000e\000M\000o\000u\000s\000e\000D\000o\000w\000n}{subsection.7.1.3}% 105
\BOOKMARK [3][-]{subsubsection.7.1.3.16}{\376\377\000m\000i\000d\000d\000l\000e\000M\000o\000u\000s\000e\000U\000p}{subsection.7.1.3}% 106
\BOOKMARK [3][-]{subsubsection.7.1.3.17}{\376\377\000m\000o\000u\000s\000e\000D\000r\000a\000g\000g\000e\000d}{subsection.7.1.3}% 107
\BOOKMARK [3][-]{subsubsection.7.1.3.18}{\376\377\000m\000o\000u\000s\000e\000M\000o\000v\000e\000d}{subsection.7.1.3}% 108
\BOOKMARK [3][-]{subsubsection.7.1.3.19}{\376\377\000r\000e\000s\000h\000a\000p\000e}{subsection.7.1.3}% 109
\BOOKMARK [3][-]{subsubsection.7.1.3.20}{\376\377\000r\000i\000g\000h\000t\000M\000o\000u\000s\000e\000D\000o\000w\000n}{subsection.7.1.3}% 110
\BOOKMARK [3][-]{subsubsection.7.1.3.21}{\376\377\000r\000i\000g\000h\000t\000M\000o\000u\000s\000e\000U\000p}{subsection.7.1.3}% 111
\BOOKMARK [3][-]{subsubsection.7.1.3.22}{\376\377\000r\000u\000n\000M\000a\000i\000n\000L\000o\000o\000p}{subsection.7.1.3}% 112
\BOOKMARK [3][-]{subsubsection.7.1.3.23}{\376\377\000s\000\137\000d\000r\000a\000w}{subsection.7.1.3}% 113
\BOOKMARK [3][-]{subsubsection.7.1.3.24}{\376\377\000s\000\137\000g\000l\000u\000i\000c\000a\000l\000l\000b\000a\000c\000k}{subsection.7.1.3}% 114
\BOOKMARK [3][-]{subsubsection.7.1.3.25}{\376\377\000s\000\137\000k\000e\000y\000b\000o\000a\000r\000d}{subsection.7.1.3}% 115
\BOOKMARK [3][-]{subsubsection.7.1.3.26}{\376\377\000s\000\137\000k\000e\000y\000b\000o\000a\000r\000d\000s\000p\000e\000c\000i\000a\000l}{subsection.7.1.3}% 116
\BOOKMARK [3][-]{subsubsection.7.1.3.27}{\376\377\000s\000\137\000k\000e\000y\000b\000o\000a\000r\000d\000s\000p\000e\000c\000i\000a\000l\000u\000p}{subsection.7.1.3}% 117
\BOOKMARK [3][-]{subsubsection.7.1.3.28}{\376\377\000s\000\137\000k\000e\000y\000b\000o\000a\000r\000d\000u\000p}{subsection.7.1.3}% 118
\BOOKMARK [3][-]{subsubsection.7.1.3.29}{\376\377\000s\000\137\000m\000o\000u\000s\000e\000b\000t\000n}{subsection.7.1.3}% 119
\BOOKMARK [3][-]{subsubsection.7.1.3.30}{\376\377\000s\000\137\000m\000o\000u\000s\000e\000m\000o\000t\000i\000o\000n}{subsection.7.1.3}% 120
\BOOKMARK [3][-]{subsubsection.7.1.3.31}{\376\377\000s\000\137\000r\000e\000s\000h\000a\000p\000e}{subsection.7.1.3}% 121
\BOOKMARK [3][-]{subsubsection.7.1.3.32}{\376\377\000s\000e\000t\000C\000a\000p\000t\000i\000o\000n}{subsection.7.1.3}% 122
\BOOKMARK [3][-]{subsubsection.7.1.3.33}{\376\377\000w\000i\000d\000t\000h}{subsection.7.1.3}% 123
\BOOKMARK [2][-]{subsection.7.1.4}{\376\377\000M\000e\000m\000b\000e\000r\000\040\000D\000a\000t\000a\000\040\000D\000o\000c\000u\000m\000e\000n\000t\000a\000t\000i\000o\000n}{section.7.1}% 124
\BOOKMARK [3][-]{subsubsection.7.1.4.1}{\376\377\000m\000\137\000d\000r\000a\000g}{subsection.7.1.4}% 125
\BOOKMARK [3][-]{subsubsection.7.1.4.2}{\376\377\000m\000\137\000g\000l\000u\000i}{subsection.7.1.4}% 126
\BOOKMARK [3][-]{subsubsection.7.1.4.3}{\376\377\000m\000\137\000g\000l\000u\000t\000W\000i\000n\000d\000o\000w\000H\000a\000n\000d\000l\000e}{subsection.7.1.4}% 127
\BOOKMARK [3][-]{subsubsection.7.1.4.4}{\376\377\000m\000\137\000h\000e\000i\000g\000h\000t}{subsection.7.1.4}% 128
\BOOKMARK [3][-]{subsubsection.7.1.4.5}{\376\377\000m\000\137\000w\000i\000d\000t\000h}{subsection.7.1.4}% 129
\BOOKMARK [3][-]{subsubsection.7.1.4.6}{\376\377\000s\000\137\000c\000u\000r\000r\000e\000n\000t\000A\000p\000p}{subsection.7.1.4}% 130
\BOOKMARK [3][-]{subsubsection.7.1.4.7}{\376\377\000s\000\137\000g\000l\000u\000t\000I\000n\000i\000t\000i\000a\000l\000i\000z\000e\000d}{subsection.7.1.4}% 131
\BOOKMARK [1][-]{section.7.2}{\376\377\000C\000o\000l\000o\000r\000\040\000S\000t\000r\000u\000c\000t\000\040\000R\000e\000f\000e\000r\000e\000n\000c\000e}{chapter.7}% 132
\BOOKMARK [2][-]{subsection.7.2.1}{\376\377\000D\000e\000t\000a\000i\000l\000e\000d\000\040\000D\000e\000s\000c\000r\000i\000p\000t\000i\000o\000n}{section.7.2}% 133
\BOOKMARK [2][-]{subsection.7.2.2}{\376\377\000C\000o\000n\000s\000t\000r\000u\000c\000t\000o\000r\000\040\000\046\000\040\000D\000e\000s\000t\000r\000u\000c\000t\000o\000r\000\040\000D\000o\000c\000u\000m\000e\000n\000t\000a\000t\000i\000o\000n}{section.7.2}% 134
\BOOKMARK [3][-]{subsubsection.7.2.2.1}{\376\377\000C\000o\000l\000o\000r}{subsection.7.2.2}% 135
\BOOKMARK [3][-]{subsubsection.7.2.2.2}{\376\377\000C\000o\000l\000o\000r}{subsection.7.2.2}% 136
\BOOKMARK [3][-]{subsubsection.7.2.2.3}{\376\377\000C\000o\000l\000o\000r}{subsection.7.2.2}% 137
\BOOKMARK [3][-]{subsubsection.7.2.2.4}{\376\377\000C\000o\000l\000o\000r}{subsection.7.2.2}% 138
\BOOKMARK [2][-]{subsection.7.2.3}{\376\377\000M\000e\000m\000b\000e\000r\000\040\000F\000u\000n\000c\000t\000i\000o\000n\000\040\000D\000o\000c\000u\000m\000e\000n\000t\000a\000t\000i\000o\000n}{section.7.2}% 139
\BOOKMARK [3][-]{subsubsection.7.2.3.1}{\376\377\000i\000s\000S\000i\000m\000i\000l\000a\000r}{subsection.7.2.3}% 140
\BOOKMARK [3][-]{subsubsection.7.2.3.2}{\376\377\000o\000p\000e\000r\000a\000t\000o\000r\000!\000=}{subsection.7.2.3}% 141
\BOOKMARK [3][-]{subsubsection.7.2.3.3}{\376\377\000o\000p\000e\000r\000a\000t\000o\000r\000<\000<}{subsection.7.2.3}% 142
\BOOKMARK [3][-]{subsubsection.7.2.3.4}{\376\377\000o\000p\000e\000r\000a\000t\000o\000r\000=\000=}{subsection.7.2.3}% 143
\BOOKMARK [2][-]{subsection.7.2.4}{\376\377\000M\000e\000m\000b\000e\000r\000\040\000D\000a\000t\000a\000\040\000D\000o\000c\000u\000m\000e\000n\000t\000a\000t\000i\000o\000n}{section.7.2}% 144
\BOOKMARK [3][-]{subsubsection.7.2.4.1}{\376\377\000b\000l\000u\000e}{subsection.7.2.4}% 145
\BOOKMARK [3][-]{subsubsection.7.2.4.2}{\376\377\000g\000r\000e\000e\000n}{subsection.7.2.4}% 146
\BOOKMARK [3][-]{subsubsection.7.2.4.3}{\376\377\000r\000e\000d}{subsection.7.2.4}% 147
\BOOKMARK [1][-]{section.7.3}{\376\377\000C\000o\000m\000p\000l\000e\000x\000R\000o\000b\000o\000t\000\040\000C\000l\000a\000s\000s\000\040\000R\000e\000f\000e\000r\000e\000n\000c\000e}{chapter.7}% 148
\BOOKMARK [2][-]{subsection.7.3.1}{\376\377\000D\000e\000t\000a\000i\000l\000e\000d\000\040\000D\000e\000s\000c\000r\000i\000p\000t\000i\000o\000n}{section.7.3}% 149
\BOOKMARK [2][-]{subsection.7.3.2}{\376\377\000C\000o\000n\000s\000t\000r\000u\000c\000t\000o\000r\000\040\000\046\000\040\000D\000e\000s\000t\000r\000u\000c\000t\000o\000r\000\040\000D\000o\000c\000u\000m\000e\000n\000t\000a\000t\000i\000o\000n}{section.7.3}% 150
\BOOKMARK [3][-]{subsubsection.7.3.2.1}{\376\377\000C\000o\000m\000p\000l\000e\000x\000R\000o\000b\000o\000t}{subsection.7.3.2}% 151
\BOOKMARK [3][-]{subsubsection.7.3.2.2}{\376\377\000C\000o\000m\000p\000l\000e\000x\000R\000o\000b\000o\000t}{subsection.7.3.2}% 152
\BOOKMARK [3][-]{subsubsection.7.3.2.3}{\376\377\000C\000o\000m\000p\000l\000e\000x\000R\000o\000b\000o\000t}{subsection.7.3.2}% 153
\BOOKMARK [3][-]{subsubsection.7.3.2.4}{\376\377\000C\000o\000m\000p\000l\000e\000x\000R\000o\000b\000o\000t}{subsection.7.3.2}% 154
\BOOKMARK [2][-]{subsection.7.3.3}{\376\377\000M\000e\000m\000b\000e\000r\000\040\000F\000u\000n\000c\000t\000i\000o\000n\000\040\000D\000o\000c\000u\000m\000e\000n\000t\000a\000t\000i\000o\000n}{section.7.3}% 155
\BOOKMARK [3][-]{subsubsection.7.3.3.1}{\376\377\000g\000e\000t\000L\000e\000f\000t\000S\000p\000e\000e\000d}{subsection.7.3.3}% 156
\BOOKMARK [3][-]{subsubsection.7.3.3.2}{\376\377\000g\000e\000t\000R\000i\000g\000h\000t\000S\000p\000e\000e\000d}{subsection.7.3.3}% 157
\BOOKMARK [2][-]{subsection.7.3.4}{\376\377\000M\000e\000m\000b\000e\000r\000\040\000D\000a\000t\000a\000\040\000D\000o\000c\000u\000m\000e\000n\000t\000a\000t\000i\000o\000n}{section.7.3}% 158
\BOOKMARK [3][-]{subsubsection.7.3.4.1}{\376\377\000d\000e\000f\000a\000u\000l\000t\000S\000p\000e\000e\000d}{subsection.7.3.4}% 159
\BOOKMARK [3][-]{subsubsection.7.3.4.2}{\376\377\000e\000n\000a\000b\000l\000e\000L\000i\000g\000h\000t\000S\000e\000n\000s\000o\000r\000s}{subsection.7.3.4}% 160
\BOOKMARK [3][-]{subsubsection.7.3.4.3}{\376\377\000e\000n\000a\000b\000l\000e\000O\000b\000s\000t\000a\000c\000l\000e\000S\000e\000n\000s\000o\000r\000s}{subsection.7.3.4}% 161
\BOOKMARK [3][-]{subsubsection.7.3.4.4}{\376\377\000e\000n\000a\000b\000l\000e\000R\000o\000b\000o\000t\000S\000e\000n\000s\000o\000r\000s}{subsection.7.3.4}% 162
\BOOKMARK [3][-]{subsubsection.7.3.4.5}{\376\377\000e\000n\000a\000b\000l\000e\000T\000a\000r\000g\000e\000t\000S\000e\000n\000s\000o\000r\000s}{subsection.7.3.4}% 163
\BOOKMARK [3][-]{subsubsection.7.3.4.6}{\376\377\000l\000i\000g\000h\000t\000S\000e\000n\000s\000o\000r\000S\000c\000a\000l\000e}{subsection.7.3.4}% 164
\BOOKMARK [3][-]{subsubsection.7.3.4.7}{\376\377\000l\000i\000g\000h\000t\000S\000e\000n\000s\000o\000r\000s\000C\000r\000o\000s\000s\000e\000d}{subsection.7.3.4}% 165
\BOOKMARK [3][-]{subsubsection.7.3.4.8}{\376\377\000o\000b\000s\000t\000a\000c\000l\000e\000S\000e\000n\000s\000o\000r\000S\000c\000a\000l\000e}{subsection.7.3.4}% 166
\BOOKMARK [3][-]{subsubsection.7.3.4.9}{\376\377\000o\000b\000s\000t\000a\000c\000l\000e\000S\000e\000n\000s\000o\000r\000s\000C\000r\000o\000s\000s\000e\000d}{subsection.7.3.4}% 167
\BOOKMARK [3][-]{subsubsection.7.3.4.10}{\376\377\000r\000o\000b\000o\000t\000S\000e\000n\000s\000o\000r\000S\000c\000a\000l\000e}{subsection.7.3.4}% 168
\BOOKMARK [3][-]{subsubsection.7.3.4.11}{\376\377\000r\000o\000b\000o\000t\000S\000e\000n\000s\000o\000r\000s\000C\000r\000o\000s\000s\000e\000d}{subsection.7.3.4}% 169
\BOOKMARK [3][-]{subsubsection.7.3.4.12}{\376\377\000t\000a\000r\000g\000e\000t\000S\000e\000n\000s\000o\000r\000S\000c\000a\000l\000e}{subsection.7.3.4}% 170
\BOOKMARK [3][-]{subsubsection.7.3.4.13}{\376\377\000t\000a\000r\000g\000e\000t\000S\000e\000n\000s\000o\000r\000s\000C\000r\000o\000s\000s\000e\000d}{subsection.7.3.4}% 171
\BOOKMARK [1][-]{section.7.4}{\376\377\000C\000o\000n\000f\000i\000g\000u\000r\000a\000t\000i\000o\000n\000\040\000C\000l\000a\000s\000s\000\040\000R\000e\000f\000e\000r\000e\000n\000c\000e}{chapter.7}% 172
\BOOKMARK [2][-]{subsection.7.4.1}{\376\377\000M\000e\000m\000b\000e\000r\000\040\000F\000u\000n\000c\000t\000i\000o\000n\000\040\000D\000o\000c\000u\000m\000e\000n\000t\000a\000t\000i\000o\000n}{section.7.4}% 173
\BOOKMARK [3][-]{subsubsection.7.4.1.1}{\376\377\000g\000e\000t}{subsection.7.4.1}% 174
\BOOKMARK [3][-]{subsubsection.7.4.1.2}{\376\377\000g\000e\000t\000B\000o\000o\000l\000C\000o\000n\000f\000i\000g}{subsection.7.4.1}% 175
\BOOKMARK [3][-]{subsubsection.7.4.1.3}{\376\377\000g\000e\000t\000C\000h\000a\000r\000C\000o\000n\000f\000i\000g}{subsection.7.4.1}% 176
\BOOKMARK [3][-]{subsubsection.7.4.1.4}{\376\377\000g\000e\000t\000F\000l\000o\000a\000t\000C\000o\000n\000f\000i\000g}{subsection.7.4.1}% 177
\BOOKMARK [3][-]{subsubsection.7.4.1.5}{\376\377\000g\000e\000t\000I\000n\000t\000C\000o\000n\000f\000i\000g}{subsection.7.4.1}% 178
\BOOKMARK [3][-]{subsubsection.7.4.1.6}{\376\377\000g\000e\000t\000S\000t\000r\000i\000n\000g\000C\000o\000n\000f\000i\000g}{subsection.7.4.1}% 179
\BOOKMARK [3][-]{subsubsection.7.4.1.7}{\376\377\000i\000n\000i\000t\000C\000o\000n\000f\000i\000g}{subsection.7.4.1}% 180
\BOOKMARK [3][-]{subsubsection.7.4.1.8}{\376\377\000i\000n\000i\000t\000C\000o\000n\000f\000i\000g}{subsection.7.4.1}% 181
\BOOKMARK [3][-]{subsubsection.7.4.1.9}{\376\377\000r\000e\000f\000r\000e\000s\000h}{subsection.7.4.1}% 182
\BOOKMARK [1][-]{section.7.5}{\376\377\000c\000o\000n\000f\000i\000g\000V\000a\000l\000u\000e\000\040\000S\000t\000r\000u\000c\000t\000\040\000R\000e\000f\000e\000r\000e\000n\000c\000e}{chapter.7}% 183
\BOOKMARK [2][-]{subsection.7.5.1}{\376\377\000D\000e\000t\000a\000i\000l\000e\000d\000\040\000D\000e\000s\000c\000r\000i\000p\000t\000i\000o\000n}{section.7.5}% 184
\BOOKMARK [2][-]{subsection.7.5.2}{\376\377\000M\000e\000m\000b\000e\000r\000\040\000D\000a\000t\000a\000\040\000D\000o\000c\000u\000m\000e\000n\000t\000a\000t\000i\000o\000n}{section.7.5}% 185
\BOOKMARK [3][-]{subsubsection.7.5.2.1}{\376\377\000"\000@\0001}{subsection.7.5.2}% 186
\BOOKMARK [3][-]{subsubsection.7.5.2.2}{\376\377\000b\000o\000o\000l\000V\000a\000l}{subsection.7.5.2}% 187
\BOOKMARK [3][-]{subsubsection.7.5.2.3}{\376\377\000c\000h\000a\000r\000V\000a\000l}{subsection.7.5.2}% 188
\BOOKMARK [3][-]{subsubsection.7.5.2.4}{\376\377\000f\000l\000o\000a\000t\000V\000a\000l}{subsection.7.5.2}% 189
\BOOKMARK [3][-]{subsubsection.7.5.2.5}{\376\377\000i\000n\000t\000V\000a\000l}{subsection.7.5.2}% 190
\BOOKMARK [3][-]{subsubsection.7.5.2.6}{\376\377\000s\000t\000r\000i\000n\000g\000V\000a\000l}{subsection.7.5.2}% 191
\BOOKMARK [3][-]{subsubsection.7.5.2.7}{\376\377\000t\000y\000p\000e}{subsection.7.5.2}% 192
\BOOKMARK [1][-]{section.7.6}{\376\377\000L\000i\000g\000h\000t\000S\000o\000u\000r\000c\000e\000\040\000C\000l\000a\000s\000s\000\040\000R\000e\000f\000e\000r\000e\000n\000c\000e}{chapter.7}% 193
\BOOKMARK [2][-]{subsection.7.6.1}{\376\377\000D\000e\000t\000a\000i\000l\000e\000d\000\040\000D\000e\000s\000c\000r\000i\000p\000t\000i\000o\000n}{section.7.6}% 194
\BOOKMARK [2][-]{subsection.7.6.2}{\376\377\000C\000o\000n\000s\000t\000r\000u\000c\000t\000o\000r\000\040\000\046\000\040\000D\000e\000s\000t\000r\000u\000c\000t\000o\000r\000\040\000D\000o\000c\000u\000m\000e\000n\000t\000a\000t\000i\000o\000n}{section.7.6}% 195
\BOOKMARK [3][-]{subsubsection.7.6.2.1}{\376\377\000L\000i\000g\000h\000t\000S\000o\000u\000r\000c\000e}{subsection.7.6.2}% 196
\BOOKMARK [3][-]{subsubsection.7.6.2.2}{\376\377\000L\000i\000g\000h\000t\000S\000o\000u\000r\000c\000e}{subsection.7.6.2}% 197
\BOOKMARK [3][-]{subsubsection.7.6.2.3}{\376\377\000L\000i\000g\000h\000t\000S\000o\000u\000r\000c\000e}{subsection.7.6.2}% 198
\BOOKMARK [3][-]{subsubsection.7.6.2.4}{\376\377\000L\000i\000g\000h\000t\000S\000o\000u\000r\000c\000e}{subsection.7.6.2}% 199
\BOOKMARK [2][-]{subsection.7.6.3}{\376\377\000M\000e\000m\000b\000e\000r\000\040\000F\000u\000n\000c\000t\000i\000o\000n\000\040\000D\000o\000c\000u\000m\000e\000n\000t\000a\000t\000i\000o\000n}{section.7.6}% 200
\BOOKMARK [3][-]{subsubsection.7.6.3.1}{\376\377\000d\000i\000s\000p\000l\000a\000y}{subsection.7.6.3}% 201
\BOOKMARK [3][-]{subsubsection.7.6.3.2}{\376\377\000h\000a\000n\000d\000l\000e\000C\000o\000l\000l\000i\000s\000i\000o\000n}{subsection.7.6.3}% 202
\BOOKMARK [1][-]{section.7.7}{\376\377\000L\000o\000c\000a\000t\000i\000o\000n\000\040\000S\000t\000r\000u\000c\000t\000\040\000R\000e\000f\000e\000r\000e\000n\000c\000e}{chapter.7}% 203
\BOOKMARK [2][-]{subsection.7.7.1}{\376\377\000D\000e\000t\000a\000i\000l\000e\000d\000\040\000D\000e\000s\000c\000r\000i\000p\000t\000i\000o\000n}{section.7.7}% 204
\BOOKMARK [2][-]{subsection.7.7.2}{\376\377\000C\000o\000n\000s\000t\000r\000u\000c\000t\000o\000r\000\040\000\046\000\040\000D\000e\000s\000t\000r\000u\000c\000t\000o\000r\000\040\000D\000o\000c\000u\000m\000e\000n\000t\000a\000t\000i\000o\000n}{section.7.7}% 205
\BOOKMARK [3][-]{subsubsection.7.7.2.1}{\376\377\000L\000o\000c\000a\000t\000i\000o\000n}{subsection.7.7.2}% 206
\BOOKMARK [3][-]{subsubsection.7.7.2.2}{\376\377\000L\000o\000c\000a\000t\000i\000o\000n}{subsection.7.7.2}% 207
\BOOKMARK [2][-]{subsection.7.7.3}{\376\377\000M\000e\000m\000b\000e\000r\000\040\000F\000u\000n\000c\000t\000i\000o\000n\000\040\000D\000o\000c\000u\000m\000e\000n\000t\000a\000t\000i\000o\000n}{section.7.7}% 208
\BOOKMARK [3][-]{subsubsection.7.7.3.1}{\376\377\000o\000p\000e\000r\000a\000t\000o\000r\000=\000=}{subsection.7.7.3}% 209
\BOOKMARK [2][-]{subsection.7.7.4}{\376\377\000M\000e\000m\000b\000e\000r\000\040\000D\000a\000t\000a\000\040\000D\000o\000c\000u\000m\000e\000n\000t\000a\000t\000i\000o\000n}{section.7.7}% 210
\BOOKMARK [3][-]{subsubsection.7.7.4.1}{\376\377\000x}{subsection.7.7.4}% 211
\BOOKMARK [3][-]{subsubsection.7.7.4.2}{\376\377\000y}{subsection.7.7.4}% 212
\BOOKMARK [1][-]{section.7.8}{\376\377\000N\000e\000u\000r\000a\000l\000N\000e\000t\000w\000o\000r\000k\000\040\000C\000l\000a\000s\000s\000\040\000R\000e\000f\000e\000r\000e\000n\000c\000e}{chapter.7}% 213
\BOOKMARK [2][-]{subsection.7.8.1}{\376\377\000D\000e\000t\000a\000i\000l\000e\000d\000\040\000D\000e\000s\000c\000r\000i\000p\000t\000i\000o\000n}{section.7.8}% 214
\BOOKMARK [2][-]{subsection.7.8.2}{\376\377\000C\000o\000n\000s\000t\000r\000u\000c\000t\000o\000r\000\040\000\046\000\040\000D\000e\000s\000t\000r\000u\000c\000t\000o\000r\000\040\000D\000o\000c\000u\000m\000e\000n\000t\000a\000t\000i\000o\000n}{section.7.8}% 215
\BOOKMARK [3][-]{subsubsection.7.8.2.1}{\376\377\000N\000e\000u\000r\000a\000l\000N\000e\000t\000w\000o\000r\000k}{subsection.7.8.2}% 216
\BOOKMARK [3][-]{subsubsection.7.8.2.2}{\376\377\000N\000e\000u\000r\000a\000l\000N\000e\000t\000w\000o\000r\000k}{subsection.7.8.2}% 217
\BOOKMARK [2][-]{subsection.7.8.3}{\376\377\000M\000e\000m\000b\000e\000r\000\040\000F\000u\000n\000c\000t\000i\000o\000n\000\040\000D\000o\000c\000u\000m\000e\000n\000t\000a\000t\000i\000o\000n}{section.7.8}% 218
\BOOKMARK [3][-]{subsubsection.7.8.3.1}{\376\377\000c\000o\000m\000b\000i\000n\000e}{subsection.7.8.3}% 219
\BOOKMARK [3][-]{subsubsection.7.8.3.2}{\376\377\000c\000o\000m\000p\000u\000t\000e}{subsection.7.8.3}% 220
\BOOKMARK [3][-]{subsubsection.7.8.3.3}{\376\377\000l\000o\000a\000d}{subsection.7.8.3}% 221
\BOOKMARK [3][-]{subsubsection.7.8.3.4}{\376\377\000m\000u\000t\000a\000t\000e}{subsection.7.8.3}% 222
\BOOKMARK [3][-]{subsubsection.7.8.3.5}{\376\377\000w\000r\000i\000t\000e}{subsection.7.8.3}% 223
\BOOKMARK [1][-]{section.7.9}{\376\377\000N\000e\000u\000r\000a\000l\000N\000e\000t\000w\000o\000r\000k\000R\000o\000b\000o\000t\000\040\000C\000l\000a\000s\000s\000\040\000R\000e\000f\000e\000r\000e\000n\000c\000e}{chapter.7}% 224
\BOOKMARK [2][-]{subsection.7.9.1}{\376\377\000D\000e\000t\000a\000i\000l\000e\000d\000\040\000D\000e\000s\000c\000r\000i\000p\000t\000i\000o\000n}{section.7.9}% 225
\BOOKMARK [2][-]{subsection.7.9.2}{\376\377\000C\000o\000n\000s\000t\000r\000u\000c\000t\000o\000r\000\040\000\046\000\040\000D\000e\000s\000t\000r\000u\000c\000t\000o\000r\000\040\000D\000o\000c\000u\000m\000e\000n\000t\000a\000t\000i\000o\000n}{section.7.9}% 226
\BOOKMARK [3][-]{subsubsection.7.9.2.1}{\376\377\000N\000e\000u\000r\000a\000l\000N\000e\000t\000w\000o\000r\000k\000R\000o\000b\000o\000t}{subsection.7.9.2}% 227
\BOOKMARK [3][-]{subsubsection.7.9.2.2}{\376\377\000N\000e\000u\000r\000a\000l\000N\000e\000t\000w\000o\000r\000k\000R\000o\000b\000o\000t}{subsection.7.9.2}% 228
\BOOKMARK [3][-]{subsubsection.7.9.2.3}{\376\377\000N\000e\000u\000r\000a\000l\000N\000e\000t\000w\000o\000r\000k\000R\000o\000b\000o\000t}{subsection.7.9.2}% 229
\BOOKMARK [2][-]{subsection.7.9.3}{\376\377\000M\000e\000m\000b\000e\000r\000\040\000F\000u\000n\000c\000t\000i\000o\000n\000\040\000D\000o\000c\000u\000m\000e\000n\000t\000a\000t\000i\000o\000n}{section.7.9}% 230
\BOOKMARK [3][-]{subsubsection.7.9.3.1}{\376\377\000g\000e\000t\000L\000e\000f\000t\000S\000p\000e\000e\000d}{subsection.7.9.3}% 231
\BOOKMARK [3][-]{subsubsection.7.9.3.2}{\376\377\000g\000e\000t\000R\000i\000g\000h\000t\000S\000p\000e\000e\000d}{subsection.7.9.3}% 232
\BOOKMARK [2][-]{subsection.7.9.4}{\376\377\000M\000e\000m\000b\000e\000r\000\040\000D\000a\000t\000a\000\040\000D\000o\000c\000u\000m\000e\000n\000t\000a\000t\000i\000o\000n}{section.7.9}% 233
\BOOKMARK [3][-]{subsubsection.7.9.4.1}{\376\377\000f\000i\000l\000e\000n\000a\000m\000e}{subsection.7.9.4}% 234
\BOOKMARK [1][-]{section.7.10}{\376\377\000N\000o\000O\000p\000e\000n\000L\000o\000c\000a\000t\000i\000o\000n\000E\000x\000c\000e\000p\000t\000i\000o\000n\000\040\000C\000l\000a\000s\000s\000\040\000R\000e\000f\000e\000r\000e\000n\000c\000e}{chapter.7}% 235
\BOOKMARK [2][-]{subsection.7.10.1}{\376\377\000D\000e\000t\000a\000i\000l\000e\000d\000\040\000D\000e\000s\000c\000r\000i\000p\000t\000i\000o\000n}{section.7.10}% 236
\BOOKMARK [2][-]{subsection.7.10.2}{\376\377\000C\000o\000n\000s\000t\000r\000u\000c\000t\000o\000r\000\040\000\046\000\040\000D\000e\000s\000t\000r\000u\000c\000t\000o\000r\000\040\000D\000o\000c\000u\000m\000e\000n\000t\000a\000t\000i\000o\000n}{section.7.10}% 237
\BOOKMARK [3][-]{subsubsection.7.10.2.1}{\376\377\000N\000o\000O\000p\000e\000n\000L\000o\000c\000a\000t\000i\000o\000n\000E\000x\000c\000e\000p\000t\000i\000o\000n}{subsection.7.10.2}% 238
\BOOKMARK [1][-]{section.7.11}{\376\377\000O\000b\000j\000e\000c\000t\000I\000t\000e\000r\000a\000t\000o\000r\000\040\000C\000l\000a\000s\000s\000\040\000R\000e\000f\000e\000r\000e\000n\000c\000e}{chapter.7}% 239
\BOOKMARK [2][-]{subsection.7.11.1}{\376\377\000D\000e\000t\000a\000i\000l\000e\000d\000\040\000D\000e\000s\000c\000r\000i\000p\000t\000i\000o\000n}{section.7.11}% 240
\BOOKMARK [2][-]{subsection.7.11.2}{\376\377\000C\000o\000n\000s\000t\000r\000u\000c\000t\000o\000r\000\040\000\046\000\040\000D\000e\000s\000t\000r\000u\000c\000t\000o\000r\000\040\000D\000o\000c\000u\000m\000e\000n\000t\000a\000t\000i\000o\000n}{section.7.11}% 241
\BOOKMARK [3][-]{subsubsection.7.11.2.1}{\376\377\000O\000b\000j\000e\000c\000t\000I\000t\000e\000r\000a\000t\000o\000r}{subsection.7.11.2}% 242
\BOOKMARK [3][-]{subsubsection.7.11.2.2}{\376\377\000O\000b\000j\000e\000c\000t\000I\000t\000e\000r\000a\000t\000o\000r}{subsection.7.11.2}% 243
\BOOKMARK [3][-]{subsubsection.7.11.2.3}{\376\377\000O\000b\000j\000e\000c\000t\000I\000t\000e\000r\000a\000t\000o\000r}{subsection.7.11.2}% 244
\BOOKMARK [2][-]{subsection.7.11.3}{\376\377\000M\000e\000m\000b\000e\000r\000\040\000F\000u\000n\000c\000t\000i\000o\000n\000\040\000D\000o\000c\000u\000m\000e\000n\000t\000a\000t\000i\000o\000n}{section.7.11}% 245
\BOOKMARK [3][-]{subsubsection.7.11.3.1}{\376\377\000o\000p\000e\000r\000a\000t\000o\000r\000!\000=}{subsection.7.11.3}% 246
\BOOKMARK [3][-]{subsubsection.7.11.3.2}{\376\377\000o\000p\000e\000r\000a\000t\000o\000r}{subsection.7.11.3}% 247
\BOOKMARK [3][-]{subsubsection.7.11.3.3}{\376\377\000o\000p\000e\000r\000a\000t\000o\000r\000+\000+}{subsection.7.11.3}% 248
\BOOKMARK [3][-]{subsubsection.7.11.3.4}{\376\377\000o\000p\000e\000r\000a\000t\000o\000r\000+\000+}{subsection.7.11.3}% 249
\BOOKMARK [3][-]{subsubsection.7.11.3.5}{\376\377\000o\000p\000e\000r\000a\000t\000o\000r\000<}{subsection.7.11.3}% 250
\BOOKMARK [3][-]{subsubsection.7.11.3.6}{\376\377\000o\000p\000e\000r\000a\000t\000o\000r\000=\000=}{subsection.7.11.3}% 251
\BOOKMARK [3][-]{subsubsection.7.11.3.7}{\376\377\000o\000p\000e\000r\000a\000t\000o\000r\000>}{subsection.7.11.3}% 252
\BOOKMARK [2][-]{subsection.7.11.4}{\376\377\000F\000r\000i\000e\000n\000d\000s\000\040\000A\000n\000d\000\040\000R\000e\000l\000a\000t\000e\000d\000\040\000F\000u\000n\000c\000t\000i\000o\000n\000\040\000D\000o\000c\000u\000m\000e\000n\000t\000a\000t\000i\000o\000n}{section.7.11}% 253
\BOOKMARK [3][-]{subsubsection.7.11.4.1}{\376\377\000e\000n\000v\000i\000r\000o\000n\000m\000e\000n\000t\000:\000:\000g\000e\000t\000O\000b\000j\000e\000c\000t\000s\000B\000e\000g\000i\000n}{subsection.7.11.4}% 254
\BOOKMARK [3][-]{subsubsection.7.11.4.2}{\376\377\000e\000n\000v\000i\000r\000o\000n\000m\000e\000n\000t\000:\000:\000g\000e\000t\000O\000b\000j\000e\000c\000t\000s\000E\000n\000d}{subsection.7.11.4}% 255
\BOOKMARK [1][-]{section.7.12}{\376\377\000O\000b\000s\000t\000a\000c\000l\000e\000\040\000C\000l\000a\000s\000s\000\040\000R\000e\000f\000e\000r\000e\000n\000c\000e}{chapter.7}% 256
\BOOKMARK [2][-]{subsection.7.12.1}{\376\377\000D\000e\000t\000a\000i\000l\000e\000d\000\040\000D\000e\000s\000c\000r\000i\000p\000t\000i\000o\000n}{section.7.12}% 257
\BOOKMARK [2][-]{subsection.7.12.2}{\376\377\000C\000o\000n\000s\000t\000r\000u\000c\000t\000o\000r\000\040\000\046\000\040\000D\000e\000s\000t\000r\000u\000c\000t\000o\000r\000\040\000D\000o\000c\000u\000m\000e\000n\000t\000a\000t\000i\000o\000n}{section.7.12}% 258
\BOOKMARK [3][-]{subsubsection.7.12.2.1}{\376\377\000O\000b\000s\000t\000a\000c\000l\000e}{subsection.7.12.2}% 259
\BOOKMARK [3][-]{subsubsection.7.12.2.2}{\376\377\000O\000b\000s\000t\000a\000c\000l\000e}{subsection.7.12.2}% 260
\BOOKMARK [3][-]{subsubsection.7.12.2.3}{\376\377\000O\000b\000s\000t\000a\000c\000l\000e}{subsection.7.12.2}% 261
\BOOKMARK [3][-]{subsubsection.7.12.2.4}{\376\377\000O\000b\000s\000t\000a\000c\000l\000e}{subsection.7.12.2}% 262
\BOOKMARK [2][-]{subsection.7.12.3}{\376\377\000M\000e\000m\000b\000e\000r\000\040\000F\000u\000n\000c\000t\000i\000o\000n\000\040\000D\000o\000c\000u\000m\000e\000n\000t\000a\000t\000i\000o\000n}{section.7.12}% 263
\BOOKMARK [3][-]{subsubsection.7.12.3.1}{\376\377\000h\000a\000n\000d\000l\000e\000C\000o\000l\000l\000i\000s\000i\000o\000n}{subsection.7.12.3}% 264
\BOOKMARK [1][-]{section.7.13}{\376\377\000O\000p\000t\000i\000m\000i\000z\000e\000S\000i\000m\000u\000l\000a\000t\000i\000o\000n\000\040\000C\000l\000a\000s\000s\000\040\000R\000e\000f\000e\000r\000e\000n\000c\000e}{chapter.7}% 265
\BOOKMARK [2][-]{subsection.7.13.1}{\376\377\000D\000e\000t\000a\000i\000l\000e\000d\000\040\000D\000e\000s\000c\000r\000i\000p\000t\000i\000o\000n}{section.7.13}% 266
\BOOKMARK [2][-]{subsection.7.13.2}{\376\377\000C\000o\000n\000s\000t\000r\000u\000c\000t\000o\000r\000\040\000\046\000\040\000D\000e\000s\000t\000r\000u\000c\000t\000o\000r\000\040\000D\000o\000c\000u\000m\000e\000n\000t\000a\000t\000i\000o\000n}{section.7.13}% 267
\BOOKMARK [3][-]{subsubsection.7.13.2.1}{\376\377\000O\000p\000t\000i\000m\000i\000z\000e\000S\000i\000m\000u\000l\000a\000t\000i\000o\000n}{subsection.7.13.2}% 268
\BOOKMARK [3][-]{subsubsection.7.13.2.2}{\376\377\000O\000p\000t\000i\000m\000i\000z\000e\000S\000i\000m\000u\000l\000a\000t\000i\000o\000n}{subsection.7.13.2}% 269
\BOOKMARK [2][-]{subsection.7.13.3}{\376\377\000M\000e\000m\000b\000e\000r\000\040\000F\000u\000n\000c\000t\000i\000o\000n\000\040\000D\000o\000c\000u\000m\000e\000n\000t\000a\000t\000i\000o\000n}{section.7.13}% 270
\BOOKMARK [3][-]{subsubsection.7.13.3.1}{\376\377\000g\000e\000t\000P\000e\000r\000f\000o\000r\000m\000a\000n\000c\000e}{subsection.7.13.3}% 271
\BOOKMARK [3][-]{subsubsection.7.13.3.2}{\376\377\000g\000e\000t\000P\000e\000r\000f\000o\000r\000m\000a\000n\000c\000e\000M\000a\000z\000e}{subsection.7.13.3}% 272
\BOOKMARK [3][-]{subsubsection.7.13.3.3}{\376\377\000g\000e\000t\000P\000e\000r\000f\000o\000r\000m\000a\000n\000c\000e\000O\000b\000s\000t\000a\000c\000l\000e\000s}{subsection.7.13.3}% 273
\BOOKMARK [3][-]{subsubsection.7.13.3.4}{\376\377\000g\000e\000t\000P\000e\000r\000f\000o\000r\000m\000a\000n\000c\000e\000R\000a\000n\000d\000o\000m\000R\000e\000p\000e\000a\000t\000e\000d}{subsection.7.13.3}% 274
\BOOKMARK [3][-]{subsubsection.7.13.3.5}{\376\377\000r\000u\000n\000M\000a\000i\000n\000L\000o\000o\000p}{subsection.7.13.3}% 275
\BOOKMARK [1][-]{section.7.14}{\376\377\000P\000h\000y\000s\000i\000c\000a\000l\000O\000b\000j\000e\000c\000t\000\040\000C\000l\000a\000s\000s\000\040\000R\000e\000f\000e\000r\000e\000n\000c\000e}{chapter.7}% 276
\BOOKMARK [2][-]{subsection.7.14.1}{\376\377\000D\000e\000t\000a\000i\000l\000e\000d\000\040\000D\000e\000s\000c\000r\000i\000p\000t\000i\000o\000n}{section.7.14}% 277
\BOOKMARK [2][-]{subsection.7.14.2}{\376\377\000C\000o\000n\000s\000t\000r\000u\000c\000t\000o\000r\000\040\000\046\000\040\000D\000e\000s\000t\000r\000u\000c\000t\000o\000r\000\040\000D\000o\000c\000u\000m\000e\000n\000t\000a\000t\000i\000o\000n}{section.7.14}% 278
\BOOKMARK [3][-]{subsubsection.7.14.2.1}{\376\377\000P\000h\000y\000s\000i\000c\000a\000l\000O\000b\000j\000e\000c\000t}{subsection.7.14.2}% 279
\BOOKMARK [3][-]{subsubsection.7.14.2.2}{\376\377\000P\000h\000y\000s\000i\000c\000a\000l\000O\000b\000j\000e\000c\000t}{subsection.7.14.2}% 280
\BOOKMARK [3][-]{subsubsection.7.14.2.3}{\376\377\000P\000h\000y\000s\000i\000c\000a\000l\000O\000b\000j\000e\000c\000t}{subsection.7.14.2}% 281
\BOOKMARK [3][-]{subsubsection.7.14.2.4}{\376\377\000P\000h\000y\000s\000i\000c\000a\000l\000O\000b\000j\000e\000c\000t}{subsection.7.14.2}% 282
\BOOKMARK [2][-]{subsection.7.14.3}{\376\377\000M\000e\000m\000b\000e\000r\000\040\000F\000u\000n\000c\000t\000i\000o\000n\000\040\000D\000o\000c\000u\000m\000e\000n\000t\000a\000t\000i\000o\000n}{section.7.14}% 283
\BOOKMARK [3][-]{subsubsection.7.14.3.1}{\376\377\000d\000i\000s\000p\000l\000a\000y}{subsection.7.14.3}% 284
\BOOKMARK [3][-]{subsubsection.7.14.3.2}{\376\377\000f\000i\000n\000d\000O\000p\000e\000n\000L\000o\000c\000a\000t\000i\000o\000n}{subsection.7.14.3}% 285
\BOOKMARK [3][-]{subsubsection.7.14.3.3}{\376\377\000f\000o\000r\000c\000e\000S\000e\000t\000P\000o\000s\000i\000t\000i\000o\000n}{subsection.7.14.3}% 286
\BOOKMARK [3][-]{subsubsection.7.14.3.4}{\376\377\000f\000o\000r\000c\000e\000T\000r\000a\000n\000s\000l\000a\000t\000e}{subsection.7.14.3}% 287
\BOOKMARK [3][-]{subsubsection.7.14.3.5}{\376\377\000g\000e\000t\000C\000o\000l\000o\000r}{subsection.7.14.3}% 288
\BOOKMARK [3][-]{subsubsection.7.14.3.6}{\376\377\000g\000e\000t\000I\000d}{subsection.7.14.3}% 289
\BOOKMARK [3][-]{subsubsection.7.14.3.7}{\376\377\000g\000e\000t\000L\000o\000c\000a\000t\000i\000o\000n}{subsection.7.14.3}% 290
\BOOKMARK [3][-]{subsubsection.7.14.3.8}{\376\377\000g\000e\000t\000O\000r\000i\000e\000n\000t\000a\000t\000i\000o\000n}{subsection.7.14.3}% 291
\BOOKMARK [3][-]{subsubsection.7.14.3.9}{\376\377\000g\000e\000t\000R\000a\000d\000i\000u\000s}{subsection.7.14.3}% 292
\BOOKMARK [3][-]{subsubsection.7.14.3.10}{\376\377\000g\000e\000t\000S\000p\000e\000e\000d}{subsection.7.14.3}% 293
\BOOKMARK [3][-]{subsubsection.7.14.3.11}{\376\377\000g\000e\000t\000X\000P\000o\000s\000i\000t\000i\000o\000n}{subsection.7.14.3}% 294
\BOOKMARK [3][-]{subsubsection.7.14.3.12}{\376\377\000g\000e\000t\000Y\000P\000o\000s\000i\000t\000i\000o\000n}{subsection.7.14.3}% 295
\BOOKMARK [3][-]{subsubsection.7.14.3.13}{\376\377\000h\000a\000n\000d\000l\000e\000C\000o\000l\000l\000i\000s\000i\000o\000n}{subsection.7.14.3}% 296
\BOOKMARK [3][-]{subsubsection.7.14.3.14}{\376\377\000h\000a\000s\000E\000q\000u\000a\000l\000P\000o\000s\000i\000t\000i\000o\000n}{subsection.7.14.3}% 297
\BOOKMARK [3][-]{subsubsection.7.14.3.15}{\376\377\000p\000o\000i\000n\000t\000T\000o}{subsection.7.14.3}% 298
\BOOKMARK [3][-]{subsubsection.7.14.3.16}{\376\377\000r\000e\000o\000r\000i\000e\000n\000t}{subsection.7.14.3}% 299
\BOOKMARK [3][-]{subsubsection.7.14.3.17}{\376\377\000r\000o\000t\000a\000t\000e}{subsection.7.14.3}% 300
\BOOKMARK [3][-]{subsubsection.7.14.3.18}{\376\377\000s\000e\000t\000C\000o\000l\000o\000r}{subsection.7.14.3}% 301
\BOOKMARK [3][-]{subsubsection.7.14.3.19}{\376\377\000s\000e\000t\000L\000o\000c\000a\000t\000i\000o\000n}{subsection.7.14.3}% 302
\BOOKMARK [3][-]{subsubsection.7.14.3.20}{\376\377\000s\000e\000t\000O\000r\000i\000e\000n\000t\000a\000t\000i\000o\000n}{subsection.7.14.3}% 303
\BOOKMARK [3][-]{subsubsection.7.14.3.21}{\376\377\000s\000e\000t\000P\000o\000s\000i\000t\000i\000o\000n}{subsection.7.14.3}% 304
\BOOKMARK [3][-]{subsubsection.7.14.3.22}{\376\377\000s\000e\000t\000R\000a\000d\000i\000u\000s}{subsection.7.14.3}% 305
\BOOKMARK [3][-]{subsubsection.7.14.3.23}{\376\377\000s\000e\000t\000S\000p\000e\000e\000d}{subsection.7.14.3}% 306
\BOOKMARK [3][-]{subsubsection.7.14.3.24}{\376\377\000t\000r\000a\000n\000s\000l\000a\000t\000e}{subsection.7.14.3}% 307
\BOOKMARK [3][-]{subsubsection.7.14.3.25}{\376\377\000u\000p\000d\000a\000t\000e}{subsection.7.14.3}% 308
\BOOKMARK [3][-]{subsubsection.7.14.3.26}{\376\377\000u\000p\000d\000a\000t\000e\000M\000e\000m\000b\000e\000r\000s}{subsection.7.14.3}% 309
\BOOKMARK [3][-]{subsubsection.7.14.3.27}{\376\377\000u\000p\000d\000a\000t\000e\000P\000o\000s\000i\000t\000i\000o\000n}{subsection.7.14.3}% 310
\BOOKMARK [2][-]{subsection.7.14.4}{\376\377\000M\000e\000m\000b\000e\000r\000\040\000D\000a\000t\000a\000\040\000D\000o\000c\000u\000m\000e\000n\000t\000a\000t\000i\000o\000n}{section.7.14}% 311
\BOOKMARK [3][-]{subsubsection.7.14.4.1}{\376\377\000i\000s\000H\000i\000t\000a\000b\000l\000e}{subsection.7.14.4}% 312
\BOOKMARK [3][-]{subsubsection.7.14.4.2}{\376\377\000o\000b\000j\000e\000c\000t\000T\000y\000p\000e}{subsection.7.14.4}% 313
\BOOKMARK [1][-]{section.7.15}{\376\377\000R\000o\000b\000o\000t\000\040\000C\000l\000a\000s\000s\000\040\000R\000e\000f\000e\000r\000e\000n\000c\000e}{chapter.7}% 314
\BOOKMARK [2][-]{subsection.7.15.1}{\376\377\000D\000e\000t\000a\000i\000l\000e\000d\000\040\000D\000e\000s\000c\000r\000i\000p\000t\000i\000o\000n}{section.7.15}% 315
\BOOKMARK [2][-]{subsection.7.15.2}{\376\377\000C\000o\000n\000s\000t\000r\000u\000c\000t\000o\000r\000\040\000\046\000\040\000D\000e\000s\000t\000r\000u\000c\000t\000o\000r\000\040\000D\000o\000c\000u\000m\000e\000n\000t\000a\000t\000i\000o\000n}{section.7.15}% 316
\BOOKMARK [3][-]{subsubsection.7.15.2.1}{\376\377\000R\000o\000b\000o\000t}{subsection.7.15.2}% 317
\BOOKMARK [3][-]{subsubsection.7.15.2.2}{\376\377\000R\000o\000b\000o\000t}{subsection.7.15.2}% 318
\BOOKMARK [3][-]{subsubsection.7.15.2.3}{\376\377\000R\000o\000b\000o\000t}{subsection.7.15.2}% 319
\BOOKMARK [2][-]{subsection.7.15.3}{\376\377\000M\000e\000m\000b\000e\000r\000\040\000F\000u\000n\000c\000t\000i\000o\000n\000\040\000D\000o\000c\000u\000m\000e\000n\000t\000a\000t\000i\000o\000n}{section.7.15}% 320
\BOOKMARK [3][-]{subsubsection.7.15.3.1}{\376\377\000d\000i\000s\000p\000l\000a\000y}{subsection.7.15.3}% 321
\BOOKMARK [3][-]{subsubsection.7.15.3.2}{\376\377\000g\000e\000t\000L\000e\000f\000t\000S\000p\000e\000e\000d}{subsection.7.15.3}% 322
\BOOKMARK [3][-]{subsubsection.7.15.3.3}{\376\377\000g\000e\000t\000L\000i\000n\000e\000C\000o\000l\000o\000r}{subsection.7.15.3}% 323
\BOOKMARK [3][-]{subsubsection.7.15.3.4}{\376\377\000g\000e\000t\000R\000i\000g\000h\000t\000S\000p\000e\000e\000d}{subsection.7.15.3}% 324
\BOOKMARK [3][-]{subsubsection.7.15.3.5}{\376\377\000g\000e\000t\000T\000a\000r\000g\000e\000t}{subsection.7.15.3}% 325
\BOOKMARK [3][-]{subsubsection.7.15.3.6}{\376\377\000h\000a\000n\000d\000l\000e\000C\000o\000l\000l\000i\000s\000i\000o\000n}{subsection.7.15.3}% 326
\BOOKMARK [3][-]{subsubsection.7.15.3.7}{\376\377\000s\000e\000t\000L\000i\000n\000e\000C\000o\000l\000o\000r}{subsection.7.15.3}% 327
\BOOKMARK [3][-]{subsubsection.7.15.3.8}{\376\377\000s\000e\000t\000T\000a\000r\000g\000e\000t}{subsection.7.15.3}% 328
\BOOKMARK [3][-]{subsubsection.7.15.3.9}{\376\377\000u\000p\000d\000a\000t\000e}{subsection.7.15.3}% 329
\BOOKMARK [3][-]{subsubsection.7.15.3.10}{\376\377\000u\000p\000d\000a\000t\000e\000M\000e\000m\000b\000e\000r\000s}{subsection.7.15.3}% 330
\BOOKMARK [2][-]{subsection.7.15.4}{\376\377\000M\000e\000m\000b\000e\000r\000\040\000D\000a\000t\000a\000\040\000D\000o\000c\000u\000m\000e\000n\000t\000a\000t\000i\000o\000n}{section.7.15}% 331
\BOOKMARK [3][-]{subsubsection.7.15.4.1}{\376\377\000r\000o\000b\000o\000t\000T\000y\000p\000e}{subsection.7.15.4}% 332
\BOOKMARK [1][-]{section.7.16}{\376\377\000S\000e\000n\000s\000o\000r\000\040\000C\000l\000a\000s\000s\000\040\000R\000e\000f\000e\000r\000e\000n\000c\000e}{chapter.7}% 333
\BOOKMARK [2][-]{subsection.7.16.1}{\376\377\000C\000o\000n\000s\000t\000r\000u\000c\000t\000o\000r\000\040\000\046\000\040\000D\000e\000s\000t\000r\000u\000c\000t\000o\000r\000\040\000D\000o\000c\000u\000m\000e\000n\000t\000a\000t\000i\000o\000n}{section.7.16}% 334
\BOOKMARK [3][-]{subsubsection.7.16.1.1}{\376\377\000S\000e\000n\000s\000o\000r}{subsection.7.16.1}% 335
\BOOKMARK [3][-]{subsubsection.7.16.1.2}{\376\377\000S\000e\000n\000s\000o\000r}{subsection.7.16.1}% 336
\BOOKMARK [2][-]{subsection.7.16.2}{\376\377\000M\000e\000m\000b\000e\000r\000\040\000F\000u\000n\000c\000t\000i\000o\000n\000\040\000D\000o\000c\000u\000m\000e\000n\000t\000a\000t\000i\000o\000n}{section.7.16}% 337
\BOOKMARK [3][-]{subsubsection.7.16.2.1}{\376\377\000d\000i\000s\000p\000l\000a\000y}{subsection.7.16.2}% 338
\BOOKMARK [3][-]{subsubsection.7.16.2.2}{\376\377\000g\000e\000t\000O\000r\000i\000e\000n\000t\000a\000t\000i\000o\000n}{subsection.7.16.2}% 339
\BOOKMARK [3][-]{subsubsection.7.16.2.3}{\376\377\000g\000e\000t\000P\000o\000s\000i\000t\000i\000o\000n}{subsection.7.16.2}% 340
\BOOKMARK [3][-]{subsubsection.7.16.2.4}{\376\377\000g\000e\000t\000T\000y\000p\000e\000D\000e\000t\000e\000c\000t\000e\000d}{subsection.7.16.2}% 341
\BOOKMARK [3][-]{subsubsection.7.16.2.5}{\376\377\000g\000e\000t\000V\000i\000e\000w\000A\000n\000g\000l\000e}{subsection.7.16.2}% 342
\BOOKMARK [3][-]{subsubsection.7.16.2.6}{\376\377\000g\000e\000t\000X\000P\000o\000s\000i\000t\000i\000o\000n}{subsection.7.16.2}% 343
\BOOKMARK [3][-]{subsubsection.7.16.2.7}{\376\377\000g\000e\000t\000Y\000P\000o\000s\000i\000t\000i\000o\000n}{subsection.7.16.2}% 344
\BOOKMARK [3][-]{subsubsection.7.16.2.8}{\376\377\000s\000e\000n\000s\000e}{subsection.7.16.2}% 345
\BOOKMARK [3][-]{subsubsection.7.16.2.9}{\376\377\000s\000e\000t\000O\000r\000i\000e\000n\000t\000a\000t\000i\000o\000n}{subsection.7.16.2}% 346
\BOOKMARK [3][-]{subsubsection.7.16.2.10}{\376\377\000s\000e\000t\000P\000o\000s\000i\000t\000i\000o\000n}{subsection.7.16.2}% 347
\BOOKMARK [3][-]{subsubsection.7.16.2.11}{\376\377\000s\000e\000t\000P\000o\000s\000i\000t\000i\000o\000n}{subsection.7.16.2}% 348
\BOOKMARK [3][-]{subsubsection.7.16.2.12}{\376\377\000s\000e\000t\000T\000y\000p\000e\000D\000e\000t\000e\000c\000t\000e\000d}{subsection.7.16.2}% 349
\BOOKMARK [3][-]{subsubsection.7.16.2.13}{\376\377\000s\000e\000t\000V\000i\000e\000w\000A\000n\000g\000l\000e}{subsection.7.16.2}% 350
\BOOKMARK [3][-]{subsubsection.7.16.2.14}{\376\377\000u\000p\000d\000a\000t\000e\000P\000o\000s\000i\000t\000i\000o\000n}{subsection.7.16.2}% 351
\BOOKMARK [1][-]{section.7.17}{\376\377\000S\000i\000m\000p\000l\000e\000R\000o\000b\000o\000t\000\040\000C\000l\000a\000s\000s\000\040\000R\000e\000f\000e\000r\000e\000n\000c\000e}{chapter.7}% 352
\BOOKMARK [2][-]{subsection.7.17.1}{\376\377\000D\000e\000t\000a\000i\000l\000e\000d\000\040\000D\000e\000s\000c\000r\000i\000p\000t\000i\000o\000n}{section.7.17}% 353
\BOOKMARK [2][-]{subsection.7.17.2}{\376\377\000C\000o\000n\000s\000t\000r\000u\000c\000t\000o\000r\000\040\000\046\000\040\000D\000e\000s\000t\000r\000u\000c\000t\000o\000r\000\040\000D\000o\000c\000u\000m\000e\000n\000t\000a\000t\000i\000o\000n}{section.7.17}% 354
\BOOKMARK [3][-]{subsubsection.7.17.2.1}{\376\377\000S\000i\000m\000p\000l\000e\000R\000o\000b\000o\000t}{subsection.7.17.2}% 355
\BOOKMARK [3][-]{subsubsection.7.17.2.2}{\376\377\000S\000i\000m\000p\000l\000e\000R\000o\000b\000o\000t}{subsection.7.17.2}% 356
\BOOKMARK [3][-]{subsubsection.7.17.2.3}{\376\377\000S\000i\000m\000p\000l\000e\000R\000o\000b\000o\000t}{subsection.7.17.2}% 357
\BOOKMARK [2][-]{subsection.7.17.3}{\376\377\000M\000e\000m\000b\000e\000r\000\040\000F\000u\000n\000c\000t\000i\000o\000n\000\040\000D\000o\000c\000u\000m\000e\000n\000t\000a\000t\000i\000o\000n}{section.7.17}% 358
\BOOKMARK [3][-]{subsubsection.7.17.3.1}{\376\377\000g\000e\000t\000L\000e\000f\000t\000S\000p\000e\000e\000d}{subsection.7.17.3}% 359
\BOOKMARK [3][-]{subsubsection.7.17.3.2}{\376\377\000g\000e\000t\000R\000i\000g\000h\000t\000S\000p\000e\000e\000d}{subsection.7.17.3}% 360
\BOOKMARK [1][-]{section.7.18}{\376\377\000S\000i\000m\000u\000l\000a\000t\000i\000o\000n\000\040\000C\000l\000a\000s\000s\000\040\000R\000e\000f\000e\000r\000e\000n\000c\000e}{chapter.7}% 361
\BOOKMARK [2][-]{subsection.7.18.1}{\376\377\000D\000e\000t\000a\000i\000l\000e\000d\000\040\000D\000e\000s\000c\000r\000i\000p\000t\000i\000o\000n}{section.7.18}% 362
\BOOKMARK [2][-]{subsection.7.18.2}{\376\377\000M\000e\000m\000b\000e\000r\000\040\000E\000n\000u\000m\000e\000r\000a\000t\000i\000o\000n\000\040\000D\000o\000c\000u\000m\000e\000n\000t\000a\000t\000i\000o\000n}{section.7.18}% 363
\BOOKMARK [3][-]{subsubsection.7.18.2.1}{\376\377\000U\000I\000C\000o\000n\000t\000r\000o\000l\000T\000y\000p\000e}{subsection.7.18.2}% 364
\BOOKMARK [2][-]{subsection.7.18.3}{\376\377\000C\000o\000n\000s\000t\000r\000u\000c\000t\000o\000r\000\040\000\046\000\040\000D\000e\000s\000t\000r\000u\000c\000t\000o\000r\000\040\000D\000o\000c\000u\000m\000e\000n\000t\000a\000t\000i\000o\000n}{section.7.18}% 365
\BOOKMARK [3][-]{subsubsection.7.18.3.1}{\376\377\000S\000i\000m\000u\000l\000a\000t\000i\000o\000n}{subsection.7.18.3}% 366
\BOOKMARK [3][-]{subsubsection.7.18.3.2}{\376\377\000S\000i\000m\000u\000l\000a\000t\000i\000o\000n}{subsection.7.18.3}% 367
\BOOKMARK [2][-]{subsection.7.18.4}{\376\377\000M\000e\000m\000b\000e\000r\000\040\000F\000u\000n\000c\000t\000i\000o\000n\000\040\000D\000o\000c\000u\000m\000e\000n\000t\000a\000t\000i\000o\000n}{section.7.18}% 368
\BOOKMARK [3][-]{subsubsection.7.18.4.1}{\376\377\000a\000d\000v\000a\000n\000c\000e}{subsection.7.18.4}% 369
\BOOKMARK [3][-]{subsubsection.7.18.4.2}{\376\377\000d\000i\000s\000p\000l\000a\000y}{subsection.7.18.4}% 370
\BOOKMARK [3][-]{subsubsection.7.18.4.3}{\376\377\000g\000l\000u\000i\000C\000o\000n\000t\000r\000o\000l}{subsection.7.18.4}% 371
\BOOKMARK [3][-]{subsubsection.7.18.4.4}{\376\377\000i\000n\000i\000t\000O\000b\000j\000e\000c\000t\000s}{subsection.7.18.4}% 372
\BOOKMARK [3][-]{subsubsection.7.18.4.5}{\376\377\000k\000e\000y\000b\000o\000a\000r\000d}{subsection.7.18.4}% 373
\BOOKMARK [3][-]{subsubsection.7.18.4.6}{\376\377\000k\000e\000y\000b\000o\000a\000r\000d\000S\000p\000e\000c\000i\000a\000l}{subsection.7.18.4}% 374
\BOOKMARK [3][-]{subsubsection.7.18.4.7}{\376\377\000l\000e\000f\000t\000M\000o\000u\000s\000e\000D\000o\000w\000n}{subsection.7.18.4}% 375
\BOOKMARK [3][-]{subsubsection.7.18.4.8}{\376\377\000l\000e\000f\000t\000M\000o\000u\000s\000e\000U\000p}{subsection.7.18.4}% 376
\BOOKMARK [3][-]{subsubsection.7.18.4.9}{\376\377\000m\000i\000d\000d\000l\000e\000M\000o\000u\000s\000e\000D\000o\000w\000n}{subsection.7.18.4}% 377
\BOOKMARK [3][-]{subsubsection.7.18.4.10}{\376\377\000m\000o\000u\000s\000e\000D\000r\000a\000g\000g\000e\000d}{subsection.7.18.4}% 378
\BOOKMARK [3][-]{subsubsection.7.18.4.11}{\376\377\000p\000a\000u\000s\000e}{subsection.7.18.4}% 379
\BOOKMARK [3][-]{subsubsection.7.18.4.12}{\376\377\000r\000e\000i\000n\000i\000t}{subsection.7.18.4}% 380
\BOOKMARK [3][-]{subsubsection.7.18.4.13}{\376\377\000r\000e\000s\000u\000m\000e}{subsection.7.18.4}% 381
\BOOKMARK [3][-]{subsubsection.7.18.4.14}{\376\377\000s\000\137\000a\000d\000d\000M\000o\000v\000i\000n\000g\000L\000i\000g\000h\000t\000S\000o\000u\000r\000c\000e}{subsection.7.18.4}% 382
\BOOKMARK [3][-]{subsubsection.7.18.4.15}{\376\377\000s\000\137\000a\000d\000d\000O\000b\000s\000t\000a\000c\000l\000e}{subsection.7.18.4}% 383
\BOOKMARK [3][-]{subsubsection.7.18.4.16}{\376\377\000s\000\137\000a\000d\000d\000R\000o\000b\000o\000t}{subsection.7.18.4}% 384
\BOOKMARK [3][-]{subsubsection.7.18.4.17}{\376\377\000s\000\137\000a\000d\000d\000R\000o\000b\000o\000t\000T\000a\000r\000g\000e\000t}{subsection.7.18.4}% 385
\BOOKMARK [3][-]{subsubsection.7.18.4.18}{\376\377\000s\000\137\000a\000d\000d\000S\000t\000a\000t\000i\000o\000n\000a\000r\000y\000L\000i\000g\000h\000t\000S\000o\000u\000r\000c\000e}{subsection.7.18.4}% 386
\BOOKMARK [3][-]{subsubsection.7.18.4.19}{\376\377\000s\000\137\000n\000e\000u\000r\000a\000l\000N\000e\000t\000w\000o\000r\000k\000F\000i\000l\000e\000C\000h\000a\000n\000g\000e\000d}{subsection.7.18.4}% 387
\BOOKMARK [3][-]{subsubsection.7.18.4.20}{\376\377\000s\000\137\000o\000p\000e\000n}{subsection.7.18.4}% 388
\BOOKMARK [3][-]{subsubsection.7.18.4.21}{\376\377\000s\000\137\000p\000a\000u\000s\000e}{subsection.7.18.4}% 389
\BOOKMARK [3][-]{subsubsection.7.18.4.22}{\376\377\000s\000\137\000r\000e\000f\000r\000e\000s\000h\000C\000o\000n\000f\000i\000g\000u\000r\000a\000t\000i\000o\000n}{subsection.7.18.4}% 390
\BOOKMARK [3][-]{subsubsection.7.18.4.23}{\376\377\000s\000\137\000r\000e\000i\000n\000i\000t}{subsection.7.18.4}% 391
\BOOKMARK [3][-]{subsubsection.7.18.4.24}{\376\377\000s\000\137\000r\000e\000m\000o\000v\000e\000A\000l\000l\000L\000i\000g\000h\000t\000S\000o\000u\000r\000c\000e}{subsection.7.18.4}% 392
\BOOKMARK [3][-]{subsubsection.7.18.4.25}{\376\377\000s\000\137\000r\000e\000m\000o\000v\000e\000A\000l\000l\000O\000b\000s\000t\000a\000c\000l\000e}{subsection.7.18.4}% 393
\BOOKMARK [3][-]{subsubsection.7.18.4.26}{\376\377\000s\000\137\000r\000e\000m\000o\000v\000e\000A\000l\000l\000R\000o\000b\000o\000t\000T\000a\000r\000g\000e\000t}{subsection.7.18.4}% 394
\BOOKMARK [3][-]{subsubsection.7.18.4.27}{\376\377\000s\000\137\000r\000e\000m\000o\000v\000e\000L\000i\000g\000h\000t\000S\000o\000u\000r\000c\000e}{subsection.7.18.4}% 395
\BOOKMARK [3][-]{subsubsection.7.18.4.28}{\376\377\000s\000\137\000r\000e\000m\000o\000v\000e\000O\000b\000s\000t\000a\000c\000l\000e}{subsection.7.18.4}% 396
\BOOKMARK [3][-]{subsubsection.7.18.4.29}{\376\377\000s\000\137\000r\000e\000m\000o\000v\000e\000R\000o\000b\000o\000t\000T\000a\000r\000g\000e\000t}{subsection.7.18.4}% 397
\BOOKMARK [3][-]{subsubsection.7.18.4.30}{\376\377\000s\000\137\000r\000e\000s\000u\000m\000e}{subsection.7.18.4}% 398
\BOOKMARK [3][-]{subsubsection.7.18.4.31}{\376\377\000s\000\137\000s\000a\000v\000e}{subsection.7.18.4}% 399
\BOOKMARK [3][-]{subsubsection.7.18.4.32}{\376\377\000s\000\137\000s\000t\000a\000r\000t}{subsection.7.18.4}% 400
\BOOKMARK [3][-]{subsubsection.7.18.4.33}{\376\377\000s\000t\000a\000r\000t}{subsection.7.18.4}% 401
\BOOKMARK [3][-]{subsubsection.7.18.4.34}{\376\377\000t\000r\000y\000A\000d\000d\000M\000o\000v\000i\000n\000g\000L\000i\000g\000h\000t\000S\000o\000u\000r\000c\000e}{subsection.7.18.4}% 402
\BOOKMARK [3][-]{subsubsection.7.18.4.35}{\376\377\000t\000r\000y\000A\000d\000d\000O\000b\000s\000t\000a\000c\000l\000e}{subsection.7.18.4}% 403
\BOOKMARK [3][-]{subsubsection.7.18.4.36}{\376\377\000t\000r\000y\000A\000d\000d\000R\000o\000b\000o\000t}{subsection.7.18.4}% 404
\BOOKMARK [3][-]{subsubsection.7.18.4.37}{\376\377\000t\000r\000y\000A\000d\000d\000R\000o\000b\000o\000t\000T\000a\000r\000g\000e\000t}{subsection.7.18.4}% 405
\BOOKMARK [3][-]{subsubsection.7.18.4.38}{\376\377\000t\000r\000y\000A\000d\000d\000S\000t\000a\000t\000i\000o\000n\000a\000r\000y\000L\000i\000g\000h\000t\000S\000o\000u\000r\000c\000e}{subsection.7.18.4}% 406
\BOOKMARK [3][-]{subsubsection.7.18.4.39}{\376\377\000t\000r\000y\000O\000p\000e\000n}{subsection.7.18.4}% 407
\BOOKMARK [3][-]{subsubsection.7.18.4.40}{\376\377\000t\000r\000y\000R\000e\000m\000o\000v\000e\000L\000i\000g\000h\000t\000S\000o\000u\000r\000c\000e}{subsection.7.18.4}% 408
\BOOKMARK [3][-]{subsubsection.7.18.4.41}{\376\377\000t\000r\000y\000R\000e\000m\000o\000v\000e\000O\000b\000s\000t\000a\000c\000l\000e}{subsection.7.18.4}% 409
\BOOKMARK [3][-]{subsubsection.7.18.4.42}{\376\377\000t\000r\000y\000R\000e\000m\000o\000v\000e\000R\000o\000b\000o\000t\000T\000a\000r\000g\000e\000t}{subsection.7.18.4}% 410
\BOOKMARK [3][-]{subsubsection.7.18.4.43}{\376\377\000t\000r\000y\000S\000a\000v\000e}{subsection.7.18.4}% 411
\BOOKMARK [1][-]{section.7.19}{\376\377\000T\000a\000r\000g\000e\000t\000\040\000C\000l\000a\000s\000s\000\040\000R\000e\000f\000e\000r\000e\000n\000c\000e}{chapter.7}% 412
\BOOKMARK [2][-]{subsection.7.19.1}{\376\377\000D\000e\000t\000a\000i\000l\000e\000d\000\040\000D\000e\000s\000c\000r\000i\000p\000t\000i\000o\000n}{section.7.19}% 413
\BOOKMARK [2][-]{subsection.7.19.2}{\376\377\000C\000o\000n\000s\000t\000r\000u\000c\000t\000o\000r\000\040\000\046\000\040\000D\000e\000s\000t\000r\000u\000c\000t\000o\000r\000\040\000D\000o\000c\000u\000m\000e\000n\000t\000a\000t\000i\000o\000n}{section.7.19}% 414
\BOOKMARK [3][-]{subsubsection.7.19.2.1}{\376\377\000T\000a\000r\000g\000e\000t}{subsection.7.19.2}% 415
\BOOKMARK [3][-]{subsubsection.7.19.2.2}{\376\377\000T\000a\000r\000g\000e\000t}{subsection.7.19.2}% 416
\BOOKMARK [3][-]{subsubsection.7.19.2.3}{\376\377\000T\000a\000r\000g\000e\000t}{subsection.7.19.2}% 417
\BOOKMARK [3][-]{subsubsection.7.19.2.4}{\376\377\000T\000a\000r\000g\000e\000t}{subsection.7.19.2}% 418
\BOOKMARK [3][-]{subsubsection.7.19.2.5}{\376\377\000T\000a\000r\000g\000e\000t}{subsection.7.19.2}% 419
\BOOKMARK [2][-]{subsection.7.19.3}{\376\377\000M\000e\000m\000b\000e\000r\000\040\000F\000u\000n\000c\000t\000i\000o\000n\000\040\000D\000o\000c\000u\000m\000e\000n\000t\000a\000t\000i\000o\000n}{section.7.19}% 420
\BOOKMARK [3][-]{subsubsection.7.19.3.1}{\376\377\000h\000a\000n\000d\000l\000e\000C\000o\000l\000l\000i\000s\000i\000o\000n}{subsection.7.19.3}% 421
\BOOKMARK [0][-]{chapter.8}{\376\377\000F\000i\000l\000e\000\040\000D\000o\000c\000u\000m\000e\000n\000t\000a\000t\000i\000o\000n}{}% 422
\BOOKMARK [1][-]{section.8.1}{\376\377\000a\000r\000t\000i\000s\000t\000.\000c\000p\000p\000\040\000F\000i\000l\000e\000\040\000R\000e\000f\000e\000r\000e\000n\000c\000e}{chapter.8}% 423
\BOOKMARK [2][-]{subsection.8.1.1}{\376\377\000M\000a\000c\000r\000o\000\040\000D\000e\000f\000i\000n\000i\000t\000i\000o\000n\000\040\000D\000o\000c\000u\000m\000e\000n\000t\000a\000t\000i\000o\000n}{section.8.1}% 424
\BOOKMARK [3][-]{subsubsection.8.1.1.1}{\376\377\000\137\000U\000S\000E\000\137\000M\000A\000T\000H\000\137\000D\000E\000F\000I\000N\000E\000S}{subsection.8.1.1}% 425
\BOOKMARK [1][-]{section.8.2}{\376\377\000a\000r\000t\000i\000s\000t\000.\000h\000\040\000F\000i\000l\000e\000\040\000R\000e\000f\000e\000r\000e\000n\000c\000e}{chapter.8}% 426
\BOOKMARK [2][-]{subsection.8.2.1}{\376\377\000D\000e\000t\000a\000i\000l\000e\000d\000\040\000D\000e\000s\000c\000r\000i\000p\000t\000i\000o\000n}{section.8.2}% 427
\BOOKMARK [1][-]{section.8.3}{\376\377\000B\000a\000s\000e\000G\000f\000x\000A\000p\000p\000.\000c\000p\000p\000\040\000F\000i\000l\000e\000\040\000R\000e\000f\000e\000r\000e\000n\000c\000e}{chapter.8}% 428
\BOOKMARK [2][-]{subsection.8.3.1}{\376\377\000D\000e\000t\000a\000i\000l\000e\000d\000\040\000D\000e\000s\000c\000r\000i\000p\000t\000i\000o\000n}{section.8.3}% 429
\BOOKMARK [1][-]{section.8.4}{\376\377\000B\000a\000s\000e\000G\000f\000x\000A\000p\000p\000.\000h\000\040\000F\000i\000l\000e\000\040\000R\000e\000f\000e\000r\000e\000n\000c\000e}{chapter.8}% 430
\BOOKMARK [2][-]{subsection.8.4.1}{\376\377\000D\000e\000t\000a\000i\000l\000e\000d\000\040\000D\000e\000s\000c\000r\000i\000p\000t\000i\000o\000n}{section.8.4}% 431
\BOOKMARK [1][-]{section.8.5}{\376\377\000C\000o\000l\000o\000r\000.\000c\000p\000p\000\040\000F\000i\000l\000e\000\040\000R\000e\000f\000e\000r\000e\000n\000c\000e}{chapter.8}% 432
\BOOKMARK [2][-]{subsection.8.5.1}{\376\377\000D\000e\000t\000a\000i\000l\000e\000d\000\040\000D\000e\000s\000c\000r\000i\000p\000t\000i\000o\000n}{section.8.5}% 433
\BOOKMARK [1][-]{section.8.6}{\376\377\000C\000o\000l\000o\000r\000.\000h\000\040\000F\000i\000l\000e\000\040\000R\000e\000f\000e\000r\000e\000n\000c\000e}{chapter.8}% 434
\BOOKMARK [2][-]{subsection.8.6.1}{\376\377\000D\000e\000t\000a\000i\000l\000e\000d\000\040\000D\000e\000s\000c\000r\000i\000p\000t\000i\000o\000n}{section.8.6}% 435
\BOOKMARK [2][-]{subsection.8.6.2}{\376\377\000M\000a\000c\000r\000o\000\040\000D\000e\000f\000i\000n\000i\000t\000i\000o\000n\000\040\000D\000o\000c\000u\000m\000e\000n\000t\000a\000t\000i\000o\000n}{section.8.6}% 436
\BOOKMARK [3][-]{subsubsection.8.6.2.1}{\376\377\000G\000E\000T\000\137\000C\000O\000L\000O\000R}{subsection.8.6.2}% 437
\BOOKMARK [2][-]{subsection.8.6.3}{\376\377\000T\000y\000p\000e\000d\000e\000f\000\040\000D\000o\000c\000u\000m\000e\000n\000t\000a\000t\000i\000o\000n}{section.8.6}% 438
\BOOKMARK [3][-]{subsubsection.8.6.3.1}{\376\377\000C\000o\000l\000o\000r}{subsection.8.6.3}% 439
\BOOKMARK [1][-]{section.8.7}{\376\377\000C\000o\000m\000p\000l\000e\000x\000R\000o\000b\000o\000t\000.\000c\000p\000p\000\040\000F\000i\000l\000e\000\040\000R\000e\000f\000e\000r\000e\000n\000c\000e}{chapter.8}% 440
\BOOKMARK [2][-]{subsection.8.7.1}{\376\377\000D\000e\000t\000a\000i\000l\000e\000d\000\040\000D\000e\000s\000c\000r\000i\000p\000t\000i\000o\000n}{section.8.7}% 441
\BOOKMARK [1][-]{section.8.8}{\376\377\000C\000o\000m\000p\000l\000e\000x\000R\000o\000b\000o\000t\000.\000h\000\040\000F\000i\000l\000e\000\040\000R\000e\000f\000e\000r\000e\000n\000c\000e}{chapter.8}% 442
\BOOKMARK [2][-]{subsection.8.8.1}{\376\377\000D\000e\000t\000a\000i\000l\000e\000d\000\040\000D\000e\000s\000c\000r\000i\000p\000t\000i\000o\000n}{section.8.8}% 443
\BOOKMARK [1][-]{section.8.9}{\376\377\000c\000o\000n\000f\000i\000g\000u\000r\000a\000t\000i\000o\000n\000.\000c\000p\000p\000\040\000F\000i\000l\000e\000\040\000R\000e\000f\000e\000r\000e\000n\000c\000e}{chapter.8}% 444
\BOOKMARK [2][-]{subsection.8.9.1}{\376\377\000D\000e\000t\000a\000i\000l\000e\000d\000\040\000D\000e\000s\000c\000r\000i\000p\000t\000i\000o\000n}{section.8.9}% 445
\BOOKMARK [2][-]{subsection.8.9.2}{\376\377\000T\000y\000p\000e\000d\000e\000f\000\040\000D\000o\000c\000u\000m\000e\000n\000t\000a\000t\000i\000o\000n}{section.8.9}% 446
\BOOKMARK [3][-]{subsubsection.8.9.2.1}{\376\377\000C\000o\000n\000f\000i\000g\000T\000a\000b\000l\000e}{subsection.8.9.2}% 447
\BOOKMARK [2][-]{subsection.8.9.3}{\376\377\000F\000u\000n\000c\000t\000i\000o\000n\000\040\000D\000o\000c\000u\000m\000e\000n\000t\000a\000t\000i\000o\000n}{section.8.9}% 448
\BOOKMARK [3][-]{subsubsection.8.9.3.1}{\376\377\000e\000x\000p\000a\000n\000d\000V\000a\000r}{subsection.8.9.3}% 449
\BOOKMARK [3][-]{subsubsection.8.9.3.2}{\376\377\000i\000s\000A\000l\000l\000W\000h\000i\000t\000e\000s\000p\000a\000c\000e}{subsection.8.9.3}% 450
\BOOKMARK [3][-]{subsubsection.8.9.3.3}{\376\377\000l\000o\000a\000d\000C\000o\000n\000f\000i\000g}{subsection.8.9.3}% 451
\BOOKMARK [3][-]{subsubsection.8.9.3.4}{\376\377\000m\000e\000r\000g\000e\000C\000o\000n\000f\000i\000g\000T\000a\000b\000l\000e\000s}{subsection.8.9.3}% 452
\BOOKMARK [3][-]{subsubsection.8.9.3.5}{\376\377\000p\000a\000r\000s\000e\000V\000a\000l\000u\000e}{subsection.8.9.3}% 453
\BOOKMARK [1][-]{section.8.10}{\376\377\000c\000o\000n\000f\000i\000g\000u\000r\000a\000t\000i\000o\000n\000.\000h\000\040\000F\000i\000l\000e\000\040\000R\000e\000f\000e\000r\000e\000n\000c\000e}{chapter.8}% 454
\BOOKMARK [2][-]{subsection.8.10.1}{\376\377\000D\000e\000t\000a\000i\000l\000e\000d\000\040\000D\000e\000s\000c\000r\000i\000p\000t\000i\000o\000n}{section.8.10}% 455
\BOOKMARK [2][-]{subsection.8.10.2}{\376\377\000M\000a\000c\000r\000o\000\040\000D\000e\000f\000i\000n\000i\000t\000i\000o\000n\000\040\000D\000o\000c\000u\000m\000e\000n\000t\000a\000t\000i\000o\000n}{section.8.10}% 456
\BOOKMARK [3][-]{subsubsection.8.10.2.1}{\376\377\000G\000E\000T\000\137\000B\000O\000O\000L}{subsection.8.10.2}% 457
\BOOKMARK [3][-]{subsubsection.8.10.2.2}{\376\377\000G\000E\000T\000\137\000C\000H\000A\000R}{subsection.8.10.2}% 458
\BOOKMARK [3][-]{subsubsection.8.10.2.3}{\376\377\000G\000E\000T\000\137\000F\000L\000O\000A\000T}{subsection.8.10.2}% 459
\BOOKMARK [3][-]{subsubsection.8.10.2.4}{\376\377\000G\000E\000T\000\137\000I\000N\000T}{subsection.8.10.2}% 460
\BOOKMARK [3][-]{subsubsection.8.10.2.5}{\376\377\000G\000E\000T\000\137\000S\000T\000R\000I\000N\000G}{subsection.8.10.2}% 461
\BOOKMARK [1][-]{section.8.11}{\376\377\000e\000n\000v\000i\000r\000o\000n\000m\000e\000n\000t\000.\000c\000p\000p\000\040\000F\000i\000l\000e\000\040\000R\000e\000f\000e\000r\000e\000n\000c\000e}{chapter.8}% 462
\BOOKMARK [2][-]{subsection.8.11.1}{\376\377\000F\000u\000n\000c\000t\000i\000o\000n\000\040\000D\000o\000c\000u\000m\000e\000n\000t\000a\000t\000i\000o\000n}{section.8.11}% 463
\BOOKMARK [3][-]{subsubsection.8.11.1.1}{\376\377\000i\000s\000T\000o\000u\000c\000h\000i\000n\000g}{subsection.8.11.1}% 464
\BOOKMARK [1][-]{section.8.12}{\376\377\000e\000n\000v\000i\000r\000o\000n\000m\000e\000n\000t\000.\000h\000\040\000F\000i\000l\000e\000\040\000R\000e\000f\000e\000r\000e\000n\000c\000e}{chapter.8}% 465
\BOOKMARK [1][-]{section.8.13}{\376\377\000L\000i\000g\000h\000t\000S\000o\000u\000r\000c\000e\000.\000c\000p\000p\000\040\000F\000i\000l\000e\000\040\000R\000e\000f\000e\000r\000e\000n\000c\000e}{chapter.8}% 466
\BOOKMARK [2][-]{subsection.8.13.1}{\376\377\000D\000e\000t\000a\000i\000l\000e\000d\000\040\000D\000e\000s\000c\000r\000i\000p\000t\000i\000o\000n}{section.8.13}% 467
\BOOKMARK [1][-]{section.8.14}{\376\377\000L\000i\000g\000h\000t\000S\000o\000u\000r\000c\000e\000.\000h\000\040\000F\000i\000l\000e\000\040\000R\000e\000f\000e\000r\000e\000n\000c\000e}{chapter.8}% 468
\BOOKMARK [2][-]{subsection.8.14.1}{\376\377\000D\000e\000t\000a\000i\000l\000e\000d\000\040\000D\000e\000s\000c\000r\000i\000p\000t\000i\000o\000n}{section.8.14}% 469
\BOOKMARK [1][-]{section.8.15}{\376\377\000L\000o\000c\000a\000t\000i\000o\000n\000.\000h\000\040\000F\000i\000l\000e\000\040\000R\000e\000f\000e\000r\000e\000n\000c\000e}{chapter.8}% 470
\BOOKMARK [2][-]{subsection.8.15.1}{\376\377\000T\000y\000p\000e\000d\000e\000f\000\040\000D\000o\000c\000u\000m\000e\000n\000t\000a\000t\000i\000o\000n}{section.8.15}% 471
\BOOKMARK [3][-]{subsubsection.8.15.1.1}{\376\377\000L\000o\000c\000a\000t\000i\000o\000n}{subsection.8.15.1}% 472
\BOOKMARK [1][-]{section.8.16}{\376\377\000m\000a\000i\000n\000.\000c\000p\000p\000\040\000F\000i\000l\000e\000\040\000R\000e\000f\000e\000r\000e\000n\000c\000e}{chapter.8}% 473
\BOOKMARK [2][-]{subsection.8.16.1}{\376\377\000D\000e\000t\000a\000i\000l\000e\000d\000\040\000D\000e\000s\000c\000r\000i\000p\000t\000i\000o\000n}{section.8.16}% 474
\BOOKMARK [2][-]{subsection.8.16.2}{\376\377\000M\000a\000c\000r\000o\000\040\000D\000e\000f\000i\000n\000i\000t\000i\000o\000n\000\040\000D\000o\000c\000u\000m\000e\000n\000t\000a\000t\000i\000o\000n}{section.8.16}% 475
\BOOKMARK [3][-]{subsubsection.8.16.2.1}{\376\377\000D\000E\000F\000A\000U\000L\000T\000\137\000C\000O\000N\000F\000I\000G}{subsection.8.16.2}% 476
\BOOKMARK [2][-]{subsection.8.16.3}{\376\377\000F\000u\000n\000c\000t\000i\000o\000n\000\040\000D\000o\000c\000u\000m\000e\000n\000t\000a\000t\000i\000o\000n}{section.8.16}% 477
\BOOKMARK [3][-]{subsubsection.8.16.3.1}{\376\377\000m\000a\000i\000n}{subsection.8.16.3}% 478
\BOOKMARK [1][-]{section.8.17}{\376\377\000m\000a\000i\000n\000p\000a\000g\000e\000.\000h\000\040\000F\000i\000l\000e\000\040\000R\000e\000f\000e\000r\000e\000n\000c\000e}{chapter.8}% 479
\BOOKMARK [1][-]{section.8.18}{\376\377\000N\000e\000u\000r\000a\000l\000N\000e\000t\000w\000o\000r\000k\000.\000c\000p\000p\000\040\000F\000i\000l\000e\000\040\000R\000e\000f\000e\000r\000e\000n\000c\000e}{chapter.8}% 480
\BOOKMARK [2][-]{subsection.8.18.1}{\376\377\000D\000e\000t\000a\000i\000l\000e\000d\000\040\000D\000e\000s\000c\000r\000i\000p\000t\000i\000o\000n}{section.8.18}% 481
\BOOKMARK [1][-]{section.8.19}{\376\377\000N\000e\000u\000r\000a\000l\000N\000e\000t\000w\000o\000r\000k\000.\000h\000\040\000F\000i\000l\000e\000\040\000R\000e\000f\000e\000r\000e\000n\000c\000e}{chapter.8}% 482
\BOOKMARK [2][-]{subsection.8.19.1}{\376\377\000D\000e\000t\000a\000i\000l\000e\000d\000\040\000D\000e\000s\000c\000r\000i\000p\000t\000i\000o\000n}{section.8.19}% 483
\BOOKMARK [1][-]{section.8.20}{\376\377\000N\000e\000u\000r\000a\000l\000N\000e\000t\000w\000o\000r\000k\000R\000o\000b\000o\000t\000.\000c\000p\000p\000\040\000F\000i\000l\000e\000\040\000R\000e\000f\000e\000r\000e\000n\000c\000e}{chapter.8}% 484
\BOOKMARK [2][-]{subsection.8.20.1}{\376\377\000D\000e\000t\000a\000i\000l\000e\000d\000\040\000D\000e\000s\000c\000r\000i\000p\000t\000i\000o\000n}{section.8.20}% 485
\BOOKMARK [1][-]{section.8.21}{\376\377\000N\000e\000u\000r\000a\000l\000N\000e\000t\000w\000o\000r\000k\000R\000o\000b\000o\000t\000.\000h\000\040\000F\000i\000l\000e\000\040\000R\000e\000f\000e\000r\000e\000n\000c\000e}{chapter.8}% 486
\BOOKMARK [2][-]{subsection.8.21.1}{\376\377\000D\000e\000t\000a\000i\000l\000e\000d\000\040\000D\000e\000s\000c\000r\000i\000p\000t\000i\000o\000n}{section.8.21}% 487
\BOOKMARK [1][-]{section.8.22}{\376\377\000O\000b\000s\000t\000a\000c\000l\000e\000.\000c\000p\000p\000\040\000F\000i\000l\000e\000\040\000R\000e\000f\000e\000r\000e\000n\000c\000e}{chapter.8}% 488
\BOOKMARK [2][-]{subsection.8.22.1}{\376\377\000D\000e\000t\000a\000i\000l\000e\000d\000\040\000D\000e\000s\000c\000r\000i\000p\000t\000i\000o\000n}{section.8.22}% 489
\BOOKMARK [1][-]{section.8.23}{\376\377\000O\000b\000s\000t\000a\000c\000l\000e\000.\000h\000\040\000F\000i\000l\000e\000\040\000R\000e\000f\000e\000r\000e\000n\000c\000e}{chapter.8}% 490
\BOOKMARK [2][-]{subsection.8.23.1}{\376\377\000D\000e\000t\000a\000i\000l\000e\000d\000\040\000D\000e\000s\000c\000r\000i\000p\000t\000i\000o\000n}{section.8.23}% 491
\BOOKMARK [1][-]{section.8.24}{\376\377\000O\000p\000t\000i\000m\000i\000z\000e\000S\000i\000m\000u\000l\000a\000t\000i\000o\000n\000.\000c\000p\000p\000\040\000F\000i\000l\000e\000\040\000R\000e\000f\000e\000r\000e\000n\000c\000e}{chapter.8}% 492
\BOOKMARK [1][-]{section.8.25}{\376\377\000O\000p\000t\000i\000m\000i\000z\000e\000S\000i\000m\000u\000l\000a\000t\000i\000o\000n\000.\000h\000\040\000F\000i\000l\000e\000\040\000R\000e\000f\000e\000r\000e\000n\000c\000e}{chapter.8}% 493
\BOOKMARK [2][-]{subsection.8.25.1}{\376\377\000D\000e\000t\000a\000i\000l\000e\000d\000\040\000D\000e\000s\000c\000r\000i\000p\000t\000i\000o\000n}{section.8.25}% 494
\BOOKMARK [1][-]{section.8.26}{\376\377\000P\000h\000y\000s\000i\000c\000a\000l\000O\000b\000j\000e\000c\000t\000.\000c\000p\000p\000\040\000F\000i\000l\000e\000\040\000R\000e\000f\000e\000r\000e\000n\000c\000e}{chapter.8}% 495
\BOOKMARK [2][-]{subsection.8.26.1}{\376\377\000D\000e\000t\000a\000i\000l\000e\000d\000\040\000D\000e\000s\000c\000r\000i\000p\000t\000i\000o\000n}{section.8.26}% 496
\BOOKMARK [2][-]{subsection.8.26.2}{\376\377\000M\000a\000c\000r\000o\000\040\000D\000e\000f\000i\000n\000i\000t\000i\000o\000n\000\040\000D\000o\000c\000u\000m\000e\000n\000t\000a\000t\000i\000o\000n}{section.8.26}% 497
\BOOKMARK [3][-]{subsubsection.8.26.2.1}{\376\377\000\137\000U\000S\000E\000\137\000M\000A\000T\000H\000\137\000D\000E\000F\000I\000N\000E\000S}{subsection.8.26.2}% 498
\BOOKMARK [1][-]{section.8.27}{\376\377\000P\000h\000y\000s\000i\000c\000a\000l\000O\000b\000j\000e\000c\000t\000.\000h\000\040\000F\000i\000l\000e\000\040\000R\000e\000f\000e\000r\000e\000n\000c\000e}{chapter.8}% 499
\BOOKMARK [2][-]{subsection.8.27.1}{\376\377\000D\000e\000t\000a\000i\000l\000e\000d\000\040\000D\000e\000s\000c\000r\000i\000p\000t\000i\000o\000n}{section.8.27}% 500
\BOOKMARK [2][-]{subsection.8.27.2}{\376\377\000E\000n\000u\000m\000e\000r\000a\000t\000i\000o\000n\000\040\000T\000y\000p\000e\000\040\000D\000o\000c\000u\000m\000e\000n\000t\000a\000t\000i\000o\000n}{section.8.27}% 501
\BOOKMARK [3][-]{subsubsection.8.27.2.1}{\376\377\000O\000b\000j\000e\000c\000t\000T\000y\000p\000e}{subsection.8.27.2}% 502
\BOOKMARK [1][-]{section.8.28}{\376\377\000R\000o\000b\000o\000t\000.\000c\000p\000p\000\040\000F\000i\000l\000e\000\040\000R\000e\000f\000e\000r\000e\000n\000c\000e}{chapter.8}% 503
\BOOKMARK [2][-]{subsection.8.28.1}{\376\377\000D\000e\000t\000a\000i\000l\000e\000d\000\040\000D\000e\000s\000c\000r\000i\000p\000t\000i\000o\000n}{section.8.28}% 504
\BOOKMARK [1][-]{section.8.29}{\376\377\000R\000o\000b\000o\000t\000.\000h\000\040\000F\000i\000l\000e\000\040\000R\000e\000f\000e\000r\000e\000n\000c\000e}{chapter.8}% 505
\BOOKMARK [2][-]{subsection.8.29.1}{\376\377\000D\000e\000t\000a\000i\000l\000e\000d\000\040\000D\000e\000s\000c\000r\000i\000p\000t\000i\000o\000n}{section.8.29}% 506
\BOOKMARK [2][-]{subsection.8.29.2}{\376\377\000E\000n\000u\000m\000e\000r\000a\000t\000i\000o\000n\000\040\000T\000y\000p\000e\000\040\000D\000o\000c\000u\000m\000e\000n\000t\000a\000t\000i\000o\000n}{section.8.29}% 507
\BOOKMARK [3][-]{subsubsection.8.29.2.1}{\376\377\000R\000o\000b\000o\000t\000T\000y\000p\000e}{subsection.8.29.2}% 508
\BOOKMARK [1][-]{section.8.30}{\376\377\000S\000e\000n\000s\000o\000r\000.\000c\000p\000p\000\040\000F\000i\000l\000e\000\040\000R\000e\000f\000e\000r\000e\000n\000c\000e}{chapter.8}% 509
\BOOKMARK [2][-]{subsection.8.30.1}{\376\377\000D\000e\000t\000a\000i\000l\000e\000d\000\040\000D\000e\000s\000c\000r\000i\000p\000t\000i\000o\000n}{section.8.30}% 510
\BOOKMARK [2][-]{subsection.8.30.2}{\376\377\000M\000a\000c\000r\000o\000\040\000D\000e\000f\000i\000n\000i\000t\000i\000o\000n\000\040\000D\000o\000c\000u\000m\000e\000n\000t\000a\000t\000i\000o\000n}{section.8.30}% 511
\BOOKMARK [3][-]{subsubsection.8.30.2.1}{\376\377\000\137\000U\000S\000E\000\137\000M\000A\000T\000H\000\137\000D\000E\000F\000I\000N\000E\000S}{subsection.8.30.2}% 512
\BOOKMARK [1][-]{section.8.31}{\376\377\000S\000e\000n\000s\000o\000r\000.\000h\000\040\000F\000i\000l\000e\000\040\000R\000e\000f\000e\000r\000e\000n\000c\000e}{chapter.8}% 513
\BOOKMARK [2][-]{subsection.8.31.1}{\376\377\000D\000e\000t\000a\000i\000l\000e\000d\000\040\000D\000e\000s\000c\000r\000i\000p\000t\000i\000o\000n}{section.8.31}% 514
\BOOKMARK [1][-]{section.8.32}{\376\377\000S\000i\000m\000p\000l\000e\000R\000o\000b\000o\000t\000.\000c\000p\000p\000\040\000F\000i\000l\000e\000\040\000R\000e\000f\000e\000r\000e\000n\000c\000e}{chapter.8}% 515
\BOOKMARK [2][-]{subsection.8.32.1}{\376\377\000D\000e\000t\000a\000i\000l\000e\000d\000\040\000D\000e\000s\000c\000r\000i\000p\000t\000i\000o\000n}{section.8.32}% 516
\BOOKMARK [1][-]{section.8.33}{\376\377\000S\000i\000m\000p\000l\000e\000R\000o\000b\000o\000t\000.\000h\000\040\000F\000i\000l\000e\000\040\000R\000e\000f\000e\000r\000e\000n\000c\000e}{chapter.8}% 517
\BOOKMARK [2][-]{subsection.8.33.1}{\376\377\000D\000e\000t\000a\000i\000l\000e\000d\000\040\000D\000e\000s\000c\000r\000i\000p\000t\000i\000o\000n}{section.8.33}% 518
\BOOKMARK [1][-]{section.8.34}{\376\377\000S\000i\000m\000u\000l\000a\000t\000i\000o\000n\000.\000c\000p\000p\000\040\000F\000i\000l\000e\000\040\000R\000e\000f\000e\000r\000e\000n\000c\000e}{chapter.8}% 519
\BOOKMARK [2][-]{subsection.8.34.1}{\376\377\000D\000e\000t\000a\000i\000l\000e\000d\000\040\000D\000e\000s\000c\000r\000i\000p\000t\000i\000o\000n}{section.8.34}% 520
\BOOKMARK [2][-]{subsection.8.34.2}{\376\377\000F\000u\000n\000c\000t\000i\000o\000n\000\040\000D\000o\000c\000u\000m\000e\000n\000t\000a\000t\000i\000o\000n}{section.8.34}% 521
\BOOKMARK [3][-]{subsubsection.8.34.2.1}{\376\377\000f\000t\000o\000s}{subsection.8.34.2}% 522
\BOOKMARK [1][-]{section.8.35}{\376\377\000S\000i\000m\000u\000l\000a\000t\000i\000o\000n\000.\000h\000\040\000F\000i\000l\000e\000\040\000R\000e\000f\000e\000r\000e\000n\000c\000e}{chapter.8}% 523
\BOOKMARK [2][-]{subsection.8.35.1}{\376\377\000D\000e\000t\000a\000i\000l\000e\000d\000\040\000D\000e\000s\000c\000r\000i\000p\000t\000i\000o\000n}{section.8.35}% 524
\BOOKMARK [1][-]{section.8.36}{\376\377\000T\000a\000r\000g\000e\000t\000.\000c\000p\000p\000\040\000F\000i\000l\000e\000\040\000R\000e\000f\000e\000r\000e\000n\000c\000e}{chapter.8}% 525
\BOOKMARK [2][-]{subsection.8.36.1}{\376\377\000D\000e\000t\000a\000i\000l\000e\000d\000\040\000D\000e\000s\000c\000r\000i\000p\000t\000i\000o\000n}{section.8.36}% 526
\BOOKMARK [1][-]{section.8.37}{\376\377\000T\000a\000r\000g\000e\000t\000.\000h\000\040\000F\000i\000l\000e\000\040\000R\000e\000f\000e\000r\000e\000n\000c\000e}{chapter.8}% 527
\BOOKMARK [2][-]{subsection.8.37.1}{\376\377\000D\000e\000t\000a\000i\000l\000e\000d\000\040\000D\000e\000s\000c\000r\000i\000p\000t\000i\000o\000n}{section.8.37}% 528
\BOOKMARK [1][-]{section.8.38}{\376\377\000u\000t\000i\000l\000.\000c\000p\000p\000\040\000F\000i\000l\000e\000\040\000R\000e\000f\000e\000r\000e\000n\000c\000e}{chapter.8}% 529
\BOOKMARK [2][-]{subsection.8.38.1}{\376\377\000D\000e\000t\000a\000i\000l\000e\000d\000\040\000D\000e\000s\000c\000r\000i\000p\000t\000i\000o\000n}{section.8.38}% 530
\BOOKMARK [2][-]{subsection.8.38.2}{\376\377\000V\000a\000r\000i\000a\000b\000l\000e\000\040\000D\000o\000c\000u\000m\000e\000n\000t\000a\000t\000i\000o\000n}{section.8.38}% 531
\BOOKMARK [3][-]{subsubsection.8.38.2.1}{\376\377\000c\000o\000l\000o\000r\000N\000u\000m}{subsection.8.38.2}% 532
\BOOKMARK [3][-]{subsubsection.8.38.2.2}{\376\377\000l\000i\000g\000h\000t\000s}{subsection.8.38.2}% 533
\BOOKMARK [3][-]{subsubsection.8.38.2.3}{\376\377\000o\000b\000j\000e\000c\000t\000s\000M\000u\000t\000e\000x}{subsection.8.38.2}% 534
\BOOKMARK [3][-]{subsubsection.8.38.2.4}{\376\377\000o\000b\000s\000t\000a\000c\000l\000e\000s}{subsection.8.38.2}% 535
\BOOKMARK [3][-]{subsubsection.8.38.2.5}{\376\377\000r\000o\000b\000o\000t\000s}{subsection.8.38.2}% 536
\BOOKMARK [3][-]{subsubsection.8.38.2.6}{\376\377\000t\000a\000r\000g\000e\000t\000s}{subsection.8.38.2}% 537
\BOOKMARK [1][-]{section.8.39}{\376\377\000u\000t\000i\000l\000.\000h\000\040\000F\000i\000l\000e\000\040\000R\000e\000f\000e\000r\000e\000n\000c\000e}{chapter.8}% 538
\BOOKMARK [2][-]{subsection.8.39.1}{\376\377\000D\000e\000t\000a\000i\000l\000e\000d\000\040\000D\000e\000s\000c\000r\000i\000p\000t\000i\000o\000n}{section.8.39}% 539
\BOOKMARK [0][-]{section*.92}{\376\377\000I\000n\000d\000e\000x}{}% 540
